#
# A fatal error has been detected by the Java Runtime Environment:
#
#  EXCEPTION_ACCESS_VIOLATION (0xc0000005) at pc=0x0c12c1d8, pid=6996, tid=6380
#
# JRE version: 7.0_25-b17
# Java VM: Java HotSpot(TM) Client VM (23.25-b01 mixed mode, sharing windows-x86 )
# Problematic frame:
# C  [nativemcl.dll+0x8c1d8]  jproxy::callMethod<long>+0x83228
#
# Failed to write core dump. Minidumps are not enabled by default on client versions of Windows
#
# If you would like to submit a bug report, please visit:
#   http://bugreport.sun.com/bugreport/crash.jsp
#

---------------  T H R E A D  ---------------

Current thread (0x01201400):  VMThread [stack: 0x01ad0000,0x01b20000] [id=6380]

siginfo: ExceptionCode=0xc0000005, reading address 0x00000058

Registers:
EAX=0x00000000, EBX=0x00000000, ECX=0x01201528, EDX=0x01217084
ESP=0x01b1f7a0, EBP=0x01b1f7a0, ESI=0x087c5380, EDI=0x01201528
EIP=0x0c12c1d8, EFLAGS=0x00010202

Top of Stack: (sp=0x01b1f7a0)
0x01b1f7a0:   01b1f7f4 0c12e913 01217084 0dc75bc8
0x01b1f7b0:   087c5340 0c23e111 00000000 0c12c210
0x01b1f7c0:   5a0e00e8 6c646e61 31407265 74500036
0x01b1f7d0:   00003b72 0dc75b80 0878dd10 0dc6bd6d
0x01b1f7e0:   00000001 01201528 01b1f810 0c21f618
0x01b1f7f0:   00000002 01b1f81c 0c13fd60 01b1f808
0x01b1f800:   0dc75bc0 0dc75be0 0c12c1d0 01217084
0x01b1f810:   01b1f858 0c220e83 00000001 01b1f834 

Instructions: (pc=0x0c12c1d8)
0x0c12c1b8:   e8 33 91 0e 00 83 c4 04 8b c6 5e 5d c2 04 00 cc
0x0c12c1c8:   cc cc cc cc cc cc cc cc 55 8b ec 8b 55 08 8b 01
0x0c12c1d8:   8b 40 58 52 51 ff d0 5d c2 04 00 cc cc cc cc cc
0x0c12c1e8:   cc cc cc cc cc cc cc cc 55 8b ec 8b 55 0c 8b 01 


Register to memory mapping:

EAX=
[error occurred during error reporting (printing register info), id 0xc0000005]

Stack: [0x01ad0000,0x01b20000],  sp=0x01b1f7a0,  free space=317k
Native frames: (J=compiled Java code, j=interpreted, Vv=VM code, C=native code)
C  [nativemcl.dll+0x8c1d8]  jproxy::callMethod<long>+0x83228
C  [nativemcl.dll+0x8e913]  jproxy::JNIEnvInjector::operator=+0x12f3
C  [nativemcl.dll+0x9fd60]  Java_com_mathworks_toolbox_javabuilder_internal_MWMCR_mclInitializeApplication+0x4c0
C  [nativemcl.dll+0xa0961]  Java_com_mathworks_toolbox_javabuilder_internal_MWMCR_mclFeval+0xa71
C  0x0dc67900  set_ctfrt_output_handler+0x1530
C  0x0dc685bf  set_ctfrt_output_handler+0x21ef
C  0x0dc69a66  set_ctfrt_output_handler+0x3696
C  0x0dc6ca85  ctfrtExtractCtf+0xa35
C  0x0dc6cba1  ctfrtExtractCtf+0xb51
C  0x0dc6cc1e  ctfrtExtractCtf+0xbce
C  [ntdll.dll+0x589d8]  wcsncmp+0x4c
C  [ntdll.dll+0x5e104]  RtlNumberGenericTableElements+0x84
C  [ntdll.dll+0x5e19f]  RtlExitUserProcess+0x74
C  [kernel32.dll+0x5bbe7]  ExitProcess+0x15
C  [msvcr100.dll+0x27ec3]  IsExceptionObjectToBeDestroyed+0x2ac
C  [msvcr100.dll+0x27fe0]  IsExceptionObjectToBeDestroyed+0x3c9
C  [msvcr100.dll+0x28051]  exit+0x11
V  [jvm.dll+0x123992]
V  [jvm.dll+0x1491ed]
V  [jvm.dll+0x1483ae]
V  [jvm.dll+0x148737]
V  [jvm.dll+0x148c02]
V  [jvm.dll+0x177bb9]
C  [msvcr100.dll+0x5c6de]  endthreadex+0x3a
C  [msvcr100.dll+0x5c788]  endthreadex+0xe4
C  [kernel32.dll+0x4ed5c]  BaseThreadInitThunk+0x12
C  [ntdll.dll+0x637eb]  RtlInitializeExceptionChain+0xef
C  [ntdll.dll+0x637be]  RtlInitializeExceptionChain+0xc2

VM_Operation (0x0693ed20): Exit, mode: safepoint, requested by thread 0x03c4d000


---------------  P R O C E S S  ---------------

Java Threads: ( => current thread )
  0x03c4cc00 JavaThread "Thread-5" [_thread_in_native, id=6704, stack(0x060f0000,0x06140000)]
  0x03c4e400 JavaThread "TimerQueue" daemon [_thread_blocked, id=6576, stack(0x085c0000,0x08610000)]
  0x03c4d800 JavaThread "DestroyJavaVM" [_thread_blocked, id=592, stack(0x01970000,0x019c0000)]
  0x03c4d000 JavaThread "AWT-EventQueue-0" [_thread_blocked, id=7476, stack(0x068f0000,0x06940000)]
  0x03c4c000 JavaThread "AWT-Shutdown" [_thread_blocked, id=6128, stack(0x041f0000,0x04240000)]
  0x03c4b800 JavaThread "Java2D Disposer" daemon [_thread_blocked, id=7376, stack(0x04270000,0x042c0000)]
  0x03c4b000 JavaThread "Thread-0" [_thread_blocked, id=6612, stack(0x03b70000,0x03bc0000)]
  0x0122e000 JavaThread "Service Thread" daemon [_thread_blocked, id=4608, stack(0x03eb0000,0x03f00000)]
  0x01229000 JavaThread "C1 CompilerThread0" daemon [_thread_blocked, id=4352, stack(0x04040000,0x04090000)]
  0x0124ec00 JavaThread "Attach Listener" daemon [_thread_blocked, id=7896, stack(0x03f30000,0x03f80000)]
  0x0124dc00 JavaThread "Signal Dispatcher" daemon [_thread_blocked, id=2140, stack(0x03e20000,0x03e70000)]
  0x01208000 JavaThread "Finalizer" daemon [_thread_blocked, id=7708, stack(0x01a60000,0x01ab0000)]
  0x01203400 JavaThread "Reference Handler" daemon [_thread_blocked, id=5452, stack(0x03bd0000,0x03c20000)]

Other Threads:
=>0x01201400 VMThread [stack: 0x01ad0000,0x01b20000] [id=6380]

VM state:at safepoint (shutting down)

VM Mutex/Monitor currently owned by a thread:  ([mutex/lock_event])
[0x01b399e8] Threads_lock - owner thread: 0x01201400

Heap
 def new generation   total 4928K, used 1682K [0x23a00000, 0x23f50000, 0x28f50000)
  eden space 4416K,  32% used [0x23a00000, 0x23b61928, 0x23e50000)
  from space 512K,  52% used [0x23ed0000, 0x23f13260, 0x23f50000)
  to   space 512K,   0% used [0x23e50000, 0x23e50000, 0x23ed0000)
 tenured generation   total 10944K, used 10803K [0x28f50000, 0x29a00000, 0x33a00000)
   the space 10944K,  98% used [0x28f50000, 0x299dcfa8, 0x299dd000, 0x29a00000)
 compacting perm gen  total 12288K, used 5477K [0x33a00000, 0x34600000, 0x37a00000)
   the space 12288K,  44% used [0x33a00000, 0x33f59470, 0x33f59600, 0x34600000)
    ro space 10240K,  45% used [0x37a00000, 0x37e89b28, 0x37e89c00, 0x38400000)
    rw space 12288K,  54% used [0x38400000, 0x38a8d0e8, 0x38a8d200, 0x39000000)

Card table byte_map: [0x01280000,0x01330000] byte_map_base: 0x01163000

Polling page: 0x00340000

Code Cache  [0x01b40000, 0x01da8000, 0x03b40000)
 total_blobs=1459 nmethods=1172 adapters=221 free_code_cache=30321Kb largest_free_block=31048768

Compilation events (10 events):
Event: 27.656 Thread 0x01229000 1170             sun.util.calendar.BaseCalendar$Date::hit (24 bytes)
Event: 27.656 Thread 0x01229000 nmethod 1170 0x01da30c8 code [0x01da31c0, 0x01da3280]
Event: 27.656 Thread 0x01229000 1171             sun.util.calendar.BaseCalendar::getDayOfWeekFromFixedDate (26 bytes)
Event: 27.657 Thread 0x01229000 nmethod 1171 0x01da32c8 code [0x01da33c0, 0x01da3570]
Event: 27.657 Thread 0x01229000 1172             sun.util.calendar.Gregorian$Date::setNormalizedYear (7 bytes)
Event: 27.657 Thread 0x01229000 nmethod 1172 0x01da3688 code [0x01da3780, 0x01da3810]
Event: 27.657 Thread 0x01229000 1173             sun.util.calendar.CalendarDate::setDayOfWeek (6 bytes)
Event: 27.657 Thread 0x01229000 nmethod 1173 0x01da3848 code [0x01da3940, 0x01da39c0]
Event: 27.657 Thread 0x01229000 1174             javax.swing.table.TableColumn::getModelIndex (5 bytes)
Event: 27.657 Thread 0x01229000 nmethod 1174 0x01da3a08 code [0x01da3b00, 0x01da3b80]

GC Heap History (10 events):
Event: 16.846 GC heap before
{Heap before GC invocations=18 (full 0):
 def new generation   total 4928K, used 4517K [0x23a00000, 0x23f50000, 0x28f50000)
  eden space 4416K,  99% used [0x23a00000, 0x23e4fb40, 0x23e50000)
  from space 512K,  20% used [0x23e50000, 0x23e69ca0, 0x23ed0000)
  to   space 512K,   0% used [0x23ed0000, 0x23ed0000, 0x23f50000)
 tenured generation   total 10944K, used 10803K [0x28f50000, 0x29a00000, 0x33a00000)
   the space 10944K,  98% used [0x28f50000, 0x299dcfa8, 0x299dd000, 0x29a00000)
 compacting perm gen  total 12288K, used 5473K [0x33a00000, 0x34600000, 0x37a00000)
   the space 12288K,  44% used [0x33a00000, 0x33f58768, 0x33f58800, 0x34600000)
    ro space 10240K,  45% used [0x37a00000, 0x37e89b28, 0x37e89c00, 0x38400000)
    rw space 12288K,  54% used [0x38400000, 0x38a8d0e8, 0x38a8d200, 0x39000000)
Event: 16.847 GC heap after
Heap after GC invocations=19 (full 0):
 def new generation   total 4928K, used 103K [0x23a00000, 0x23f50000, 0x28f50000)
  eden space 4416K,   0% used [0x23a00000, 0x23a00000, 0x23e50000)
  from space 512K,  20% used [0x23ed0000, 0x23ee9ca0, 0x23f50000)
  to   space 512K,   0% used [0x23e50000, 0x23e50000, 0x23ed0000)
 tenured generation   total 10944K, used 10803K [0x28f50000, 0x29a00000, 0x33a00000)
   the space 10944K,  98% used [0x28f50000, 0x299dcfa8, 0x299dd000, 0x29a00000)
 compacting perm gen  total 12288K, used 5473K [0x33a00000, 0x34600000, 0x37a00000)
   the space 12288K,  44% used [0x33a00000, 0x33f58768, 0x33f58800, 0x34600000)
    ro space 10240K,  45% used [0x37a00000, 0x37e89b28, 0x37e89c00, 0x38400000)
    rw space 12288K,  54% used [0x38400000, 0x38a8d0e8, 0x38a8d200, 0x39000000)
}
Event: 16.884 GC heap before
{Heap before GC invocations=19 (full 0):
 def new generation   total 4928K, used 4515K [0x23a00000, 0x23f50000, 0x28f50000)
  eden space 4416K,  99% used [0x23a00000, 0x23e4f2c8, 0x23e50000)
  from space 512K,  20% used [0x23ed0000, 0x23ee9ca0, 0x23f50000)
  to   space 512K,   0% used [0x23e50000, 0x23e50000, 0x23ed0000)
 tenured generation   total 10944K, used 10803K [0x28f50000, 0x29a00000, 0x33a00000)
   the space 10944K,  98% used [0x28f50000, 0x299dcfa8, 0x299dd000, 0x29a00000)
 compacting perm gen  total 12288K, used 5473K [0x33a00000, 0x34600000, 0x37a00000)
   the space 12288K,  44% used [0x33a00000, 0x33f58768, 0x33f58800, 0x34600000)
    ro space 10240K,  45% used [0x37a00000, 0x37e89b28, 0x37e89c00, 0x38400000)
    rw space 12288K,  54% used [0x38400000, 0x38a8d0e8, 0x38a8d200, 0x39000000)
Event: 16.885 GC heap after
Heap after GC invocations=20 (full 0):
 def new generation   total 4928K, used 103K [0x23a00000, 0x23f50000, 0x28f50000)
  eden space 4416K,   0% used [0x23a00000, 0x23a00000, 0x23e50000)
  from space 512K,  20% used [0x23e50000, 0x23e69ca0, 0x23ed0000)
  to   space 512K,   0% used [0x23ed0000, 0x23ed0000, 0x23f50000)
 tenured generation   total 10944K, used 10803K [0x28f50000, 0x29a00000, 0x33a00000)
   the space 10944K,  98% used [0x28f50000, 0x299dcfa8, 0x299dd000, 0x29a00000)
 compacting perm gen  total 12288K, used 5473K [0x33a00000, 0x34600000, 0x37a00000)
   the space 12288K,  44% used [0x33a00000, 0x33f58768, 0x33f58800, 0x34600000)
    ro space 10240K,  45% used [0x37a00000, 0x37e89b28, 0x37e89c00, 0x38400000)
    rw space 12288K,  54% used [0x38400000, 0x38a8d0e8, 0x38a8d200, 0x39000000)
}
Event: 16.926 GC heap before
{Heap before GC invocations=20 (full 0):
 def new generation   total 4928K, used 4517K [0x23a00000, 0x23f50000, 0x28f50000)
  eden space 4416K,  99% used [0x23a00000, 0x23e4fab0, 0x23e50000)
  from space 512K,  20% used [0x23e50000, 0x23e69ca0, 0x23ed0000)
  to   space 512K,   0% used [0x23ed0000, 0x23ed0000, 0x23f50000)
 tenured generation   total 10944K, used 10803K [0x28f50000, 0x29a00000, 0x33a00000)
   the space 10944K,  98% used [0x28f50000, 0x299dcfa8, 0x299dd000, 0x29a00000)
 compacting perm gen  total 12288K, used 5473K [0x33a00000, 0x34600000, 0x37a00000)
   the space 12288K,  44% used [0x33a00000, 0x33f58768, 0x33f58800, 0x34600000)
    ro space 10240K,  45% used [0x37a00000, 0x37e89b28, 0x37e89c00, 0x38400000)
    rw space 12288K,  54% used [0x38400000, 0x38a8d0e8, 0x38a8d200, 0x39000000)
Event: 16.928 GC heap after
Heap after GC invocations=21 (full 0):
 def new generation   total 4928K, used 103K [0x23a00000, 0x23f50000, 0x28f50000)
  eden space 4416K,   0% used [0x23a00000, 0x23a00000, 0x23e50000)
  from space 512K,  20% used [0x23ed0000, 0x23ee9ca0, 0x23f50000)
  to   space 512K,   0% used [0x23e50000, 0x23e50000, 0x23ed0000)
 tenured generation   total 10944K, used 10803K [0x28f50000, 0x29a00000, 0x33a00000)
   the space 10944K,  98% used [0x28f50000, 0x299dcfa8, 0x299dd000, 0x29a00000)
 compacting perm gen  total 12288K, used 5473K [0x33a00000, 0x34600000, 0x37a00000)
   the space 12288K,  44% used [0x33a00000, 0x33f58768, 0x33f58800, 0x34600000)
    ro space 10240K,  45% used [0x37a00000, 0x37e89b28, 0x37e89c00, 0x38400000)
    rw space 12288K,  54% used [0x38400000, 0x38a8d0e8, 0x38a8d200, 0x39000000)
}
Event: 20.885 GC heap before
{Heap before GC invocations=21 (full 0):
 def new generation   total 4928K, used 4519K [0x23a00000, 0x23f50000, 0x28f50000)
  eden space 4416K, 100% used [0x23a00000, 0x23e50000, 0x23e50000)
  from space 512K,  20% used [0x23ed0000, 0x23ee9ca0, 0x23f50000)
  to   space 512K,   0% used [0x23e50000, 0x23e50000, 0x23ed0000)
 tenured generation   total 10944K, used 10803K [0x28f50000, 0x29a00000, 0x33a00000)
   the space 10944K,  98% used [0x28f50000, 0x299dcfa8, 0x299dd000, 0x29a00000)
 compacting perm gen  total 12288K, used 5474K [0x33a00000, 0x34600000, 0x37a00000)
   the space 12288K,  44% used [0x33a00000, 0x33f58868, 0x33f58a00, 0x34600000)
    ro space 10240K,  45% used [0x37a00000, 0x37e89b28, 0x37e89c00, 0x38400000)
    rw space 12288K,  54% used [0x38400000, 0x38a8d0e8, 0x38a8d200, 0x39000000)
Event: 20.886 GC heap after
Heap after GC invocations=22 (full 0):
 def new generation   total 4928K, used 235K [0x23a00000, 0x23f50000, 0x28f50000)
  eden space 4416K,   0% used [0x23a00000, 0x23a00000, 0x23e50000)
  from space 512K,  46% used [0x23e50000, 0x23e8ae70, 0x23ed0000)
  to   space 512K,   0% used [0x23ed0000, 0x23ed0000, 0x23f50000)
 tenured generation   total 10944K, used 10803K [0x28f50000, 0x29a00000, 0x33a00000)
   the space 10944K,  98% used [0x28f50000, 0x299dcfa8, 0x299dd000, 0x29a00000)
 compacting perm gen  total 12288K, used 5474K [0x33a00000, 0x34600000, 0x37a00000)
   the space 12288K,  44% used [0x33a00000, 0x33f58868, 0x33f58a00, 0x34600000)
    ro space 10240K,  45% used [0x37a00000, 0x37e89b28, 0x37e89c00, 0x38400000)
    rw space 12288K,  54% used [0x38400000, 0x38a8d0e8, 0x38a8d200, 0x39000000)
}
Event: 26.044 GC heap before
{Heap before GC invocations=22 (full 0):
 def new generation   total 4928K, used 4651K [0x23a00000, 0x23f50000, 0x28f50000)
  eden space 4416K, 100% used [0x23a00000, 0x23e50000, 0x23e50000)
  from space 512K,  46% used [0x23e50000, 0x23e8ae70, 0x23ed0000)
  to   space 512K,   0% used [0x23ed0000, 0x23ed0000, 0x23f50000)
 tenured generation   total 10944K, used 10803K [0x28f50000, 0x29a00000, 0x33a00000)
   the space 10944K,  98% used [0x28f50000, 0x299dcfa8, 0x299dd000, 0x29a00000)
 compacting perm gen  total 12288K, used 5474K [0x33a00000, 0x34600000, 0x37a00000)
   the space 12288K,  44% used [0x33a00000, 0x33f58948, 0x33f58a00, 0x34600000)
    ro space 10240K,  45% used [0x37a00000, 0x37e89b28, 0x37e89c00, 0x38400000)
    rw space 12288K,  54% used [0x38400000, 0x38a8d0e8, 0x38a8d200, 0x39000000)
Event: 26.045 GC heap after
Heap after GC invocations=23 (full 0):
 def new generation   total 4928K, used 268K [0x23a00000, 0x23f50000, 0x28f50000)
  eden space 4416K,   0% used [0x23a00000, 0x23a00000, 0x23e50000)
  from space 512K,  52% used [0x23ed0000, 0x23f13260, 0x23f50000)
  to   space 512K,   0% used [0x23e50000, 0x23e50000, 0x23ed0000)
 tenured generation   total 10944K, used 10803K [0x28f50000, 0x29a00000, 0x33a00000)
   the space 10944K,  98% used [0x28f50000, 0x299dcfa8, 0x299dd000, 0x29a00000)
 compacting perm gen  total 12288K, used 5474K [0x33a00000, 0x34600000, 0x37a00000)
   the space 12288K,  44% used [0x33a00000, 0x33f58948, 0x33f58a00, 0x34600000)
    ro space 10240K,  45% used [0x37a00000, 0x37e89b28, 0x37e89c00, 0x38400000)
    rw space 12288K,  54% used [0x38400000, 0x38a8d0e8, 0x38a8d200, 0x39000000)
}

Deoptimization events (0 events):
No events

Internal exceptions (10 events):
Event: 16.711 Thread 0x03c4cc00 Threw 0x23d85478 at C:\jdk7u2_32P\jdk7u25\hotspot\src\share\vm\prims\jvm.cpp:1235
Event: 16.712 Thread 0x03c4cc00 Threw 0x23d90670 at C:\jdk7u2_32P\jdk7u25\hotspot\src\share\vm\prims\jvm.cpp:1235
Event: 16.713 Thread 0x03c4cc00 Threw 0x23d95628 at C:\jdk7u2_32P\jdk7u25\hotspot\src\share\vm\prims\jvm.cpp:1235
Event: 16.713 Thread 0x03c4cc00 Threw 0x23d9a3c0 at C:\jdk7u2_32P\jdk7u25\hotspot\src\share\vm\prims\jvm.cpp:1235
Event: 16.714 Thread 0x03c4cc00 Threw 0x23d9f5a0 at C:\jdk7u2_32P\jdk7u25\hotspot\src\share\vm\prims\jvm.cpp:1235
Event: 16.714 Thread 0x03c4cc00 Threw 0x23da4468 at C:\jdk7u2_32P\jdk7u25\hotspot\src\share\vm\prims\jvm.cpp:1235
Event: 16.714 Thread 0x03c4cc00 Threw 0x23da8498 at C:\jdk7u2_32P\jdk7u25\hotspot\src\share\vm\prims\jvm.cpp:1235
Event: 16.715 Thread 0x03c4cc00 Threw 0x23db3c10 at C:\jdk7u2_32P\jdk7u25\hotspot\src\share\vm\prims\jvm.cpp:1235
Event: 16.716 Thread 0x03c4cc00 Threw 0x23dbcfd0 at C:\jdk7u2_32P\jdk7u25\hotspot\src\share\vm\prims\jni.cpp:742
Event: 16.716 Thread 0x03c4cc00 Threw 0x23dbd958 at C:\jdk7u2_32P\jdk7u25\hotspot\src\share\vm\prims\jni.cpp:742

Events (10 events):
Event: 26.272 loading class 0x391ab7d8 done
Event: 26.273 Thread 0x03c4f800 Thread exited: 0x03c4f800
Event: 26.274 Thread 0x03c4fc00 Thread exited: 0x03c4fc00
Event: 26.275 Executing VM operation: RevokeBias
Event: 26.275 Executing VM operation: RevokeBias done
Event: 26.302 Thread 0x03c4dc00 Thread exited: 0x03c4dc00
Event: 26.311 Thread 0x03c4c400 Thread exited: 0x03c4c400
Event: 26.372 Thread 0x03c4f000 Thread exited: 0x03c4f000
Event: 28.254 Thread 0x03c50400 Thread exited: 0x03c50400
Event: 28.255 Executing VM operation: Exit


Dynamic libraries:
0x01250000 - 0x0127f000 	C:\Program Files\Java\jdk1.7.0_25\bin\javaw.exe
0x77470000 - 0x775ac000 	C:\Windows\SYSTEM32\ntdll.dll
0x75ba0000 - 0x75c74000 	C:\Windows\system32\kernel32.dll
0x75500000 - 0x7554b000 	C:\Windows\system32\KERNELBASE.dll
0x76200000 - 0x762a0000 	C:\Windows\system32\ADVAPI32.dll
0x757f0000 - 0x7589c000 	C:\Windows\system32\msvcrt.dll
0x775c0000 - 0x775d9000 	C:\Windows\SYSTEM32\sechost.dll
0x75f20000 - 0x75fc2000 	C:\Windows\system32\RPCRT4.dll
0x75900000 - 0x759c9000 	C:\Windows\system32\USER32.dll
0x758b0000 - 0x758fe000 	C:\Windows\system32\GDI32.dll
0x757e0000 - 0x757ea000 	C:\Windows\system32\LPK.dll
0x772a0000 - 0x7733d000 	C:\Windows\system32\USP10.dll
0x74270000 - 0x7440e000 	C:\Windows\WinSxS\x86_microsoft.windows.common-controls_6595b64144ccf1df_6.0.7601.17514_none_41e6975e2bd6f2b2\COMCTL32.dll
0x77160000 - 0x771b7000 	C:\Windows\system32\SHLWAPI.dll
0x775e0000 - 0x775ff000 	C:\Windows\system32\IMM32.DLL
0x762e0000 - 0x763ac000 	C:\Windows\system32\MSCTF.dll
0x56430000 - 0x564ee000 	C:\Program Files\Java\jdk1.7.0_25\jre\bin\msvcr100.dll
0x59e00000 - 0x5a142000 	C:\Program Files\Java\jdk1.7.0_25\jre\bin\client\jvm.dll
0x71290000 - 0x71297000 	C:\Windows\system32\WSOCK32.dll
0x762a0000 - 0x762d5000 	C:\Windows\system32\WS2_32.dll
0x775b0000 - 0x775b6000 	C:\Windows\system32\NSI.dll
0x73b10000 - 0x73b42000 	C:\Windows\system32\WINMM.dll
0x758a0000 - 0x758a5000 	C:\Windows\system32\PSAPI.DLL
0x73300000 - 0x7330c000 	C:\Program Files\Java\jdk1.7.0_25\jre\bin\verify.dll
0x732e0000 - 0x73300000 	C:\Program Files\Java\jdk1.7.0_25\jre\bin\java.dll
0x732c0000 - 0x732d3000 	C:\Program Files\Java\jdk1.7.0_25\jre\bin\zip.dll
0x77760000 - 0x778a4000 	C:\Program Files\Java\jdk1.7.0_25\jre\bin\awt.dll
0x771c0000 - 0x7724f000 	C:\Windows\system32\OLEAUT32.dll
0x77000000 - 0x7715c000 	C:\Windows\system32\ole32.dll
0x73cb0000 - 0x73cc3000 	C:\Windows\system32\DWMAPI.DLL
0x73fa0000 - 0x73fe0000 	C:\Windows\system32\uxtheme.dll
0x64180000 - 0x641e1000 	C:\Users\DAVIS\AppData\Roaming\pcmaster\winguard.dll
0x73630000 - 0x7366c000 	C:\Windows\system32\OLEACC.dll
0x763b0000 - 0x76ffa000 	C:\Windows\system32\SHELL32.dll
0x77340000 - 0x77464000 	C:\Windows\system32\urlmon.dll
0x75550000 - 0x75554000 	C:\Windows\system32\api-ms-win-downlevel-ole32-l1-1-0.dll
0x757d0000 - 0x757d4000 	C:\Windows\system32\api-ms-win-downlevel-shlwapi-l1-1-0.dll
0x75780000 - 0x75785000 	C:\Windows\system32\api-ms-win-downlevel-advapi32-l1-1-0.dll
0x75770000 - 0x75774000 	C:\Windows\system32\api-ms-win-downlevel-user32-l1-1-0.dll
0x75790000 - 0x75794000 	C:\Windows\system32\api-ms-win-downlevel-version-l1-1-0.dll
0x74940000 - 0x74949000 	C:\Windows\system32\version.DLL
0x75740000 - 0x75743000 	C:\Windows\system32\api-ms-win-downlevel-normaliz-l1-1-0.dll
0x77690000 - 0x77693000 	C:\Windows\system32\normaliz.DLL
0x75d00000 - 0x75f17000 	C:\Windows\system32\iertutil.dll
0x76030000 - 0x761f4000 	C:\Windows\system32\WININET.dll
0x75400000 - 0x7540c000 	C:\Windows\system32\CRYPTBASE.dll
0x6ae80000 - 0x6ae8a000 	C:\Windows\system32\atiu9pag.dll
0x6afa0000 - 0x6afc0000 	C:\Program Files\Java\jdk1.7.0_25\jre\bin\sunec.dll
0x6b430000 - 0x6b439000 	C:\Program Files\Java\jdk1.7.0_25\jre\bin\sunmscapi.dll
0x75560000 - 0x75680000 	C:\Windows\system32\CRYPT32.dll
0x754f0000 - 0x754fc000 	C:\Windows\system32\MSASN1.dll
0x74f20000 - 0x74f36000 	C:\Windows\system32\CRYPTSP.dll
0x74cc0000 - 0x74cfb000 	C:\Windows\system32\rsaenh.dll
0x74ad0000 - 0x74ae7000 	C:\Windows\system32\USERENV.dll
0x75480000 - 0x7548b000 	C:\Windows\system32\profapi.dll
0x732a0000 - 0x732b4000 	C:\Program Files\Java\jdk1.7.0_25\jre\bin\net.dll
0x74ee0000 - 0x74f1c000 	C:\Windows\system32\mswsock.dll
0x74ed0000 - 0x74ed6000 	C:\Windows\System32\wship6.dll
0x736e0000 - 0x736f0000 	C:\Windows\system32\NLAapi.dll
0x70940000 - 0x70950000 	C:\Windows\system32\napinsp.dll
0x70820000 - 0x70832000 	C:\Windows\system32\pnrpnsp.dll
0x74da0000 - 0x74de4000 	C:\Windows\system32\DNSAPI.dll
0x70930000 - 0x70938000 	C:\Windows\System32\winrnr.dll
0x73aa0000 - 0x73ac1000 	C:\Program Files\Bonjour\mdnsNSP.dll
0x74010000 - 0x7402c000 	C:\Windows\system32\Iphlpapi.DLL
0x74000000 - 0x74007000 	C:\Windows\system32\WINNSI.DLL
0x74890000 - 0x74895000 	C:\Windows\System32\wshtcpip.dll
0x73a40000 - 0x73a46000 	C:\Windows\system32\rasadhlp.dll
0x72e60000 - 0x72e98000 	C:\Windows\System32\fwpuclnt.dll
0x73310000 - 0x7331f000 	C:\Program Files\Java\jdk1.7.0_25\jre\bin\nio.dll
0x69700000 - 0x69731000 	C:\Program Files\Java\jdk1.7.0_25\jre\bin\fontmanager.dll
0x69af0000 - 0x69b20000 	C:\Program Files\Java\jdk1.7.0_25\jre\bin\t2k.dll
0x77600000 - 0x77683000 	C:\Windows\system32\CLBCatQ.DLL
0x73b50000 - 0x73c80000 	C:\Windows\system32\WindowsCodecs.dll
0x753b0000 - 0x753fc000 	C:\Windows\system32\apphelp.dll
0x640f0000 - 0x64133000 	C:\Users\DAVIS\AppData\Roaming\VDiskSyn\Bin\CloudBoxShellExt.dll
0x63ae0000 - 0x63c87000 	C:\PROGRA~1\MICROS~2\Office15\GROOVEEX.DLL
0x707a0000 - 0x70809000 	C:\Windows\system32\MSVCP100.dll
0x640c0000 - 0x640e6000 	C:\Windows\system32\ATL100.DLL
0x638a0000 - 0x63ae0000 	C:\Windows\system32\msi.dll
0x62b70000 - 0x633c9000 	C:\PROGRA~1\MICROS~2\Office15\2052\GrooveIntlResource.dll
0x63d40000 - 0x63e3f000 	C:\Program Files\Kingsoft\Klive\kuaipanshellext.dll
0x73a90000 - 0x73a97000 	C:\Windows\system32\FLTLIB.DLL
0x73e10000 - 0x73fa0000 	C:\Windows\WinSxS\x86_microsoft.windows.gdiplus_6595b64144ccf1df_1.1.7601.18120_none_72d2e82386681b36\gdiplus.dll
0x69ac0000 - 0x69ae4000 	C:\Program Files\Java\jdk1.7.0_25\jre\bin\dcpr.dll
0x10000000 - 0x10021000 	C:\Program Files\MATLAB\R2013a\bin\win32\BuilderJABootstrap.dll
0x05f90000 - 0x05f9c000 	C:\Program Files\MATLAB\R2013a\bin\win32\nativedl.dll
0x7ee50000 - 0x7efa3000 	C:\Program Files\MATLAB\R2013a\bin\win32\libmwfl.dll
0x05fa0000 - 0x05fab000 	C:\Program Files\MATLAB\R2013a\bin\win32\libmwresource_core.dll
0x7dce0000 - 0x7dd75000 	C:\Program Files\MATLAB\R2013a\bin\win32\libmwi18n.dll
0x624a0000 - 0x624ac000 	C:\Program Files\MATLAB\R2013a\bin\win32\boost_date_time-vc100-mt-1_49.dll
0x59ba0000 - 0x59bc5000 	C:\Program Files\MATLAB\R2013a\bin\win32\boost_filesystem-vc100-mt-1_49.dll
0x698f0000 - 0x698f7000 	C:\Program Files\MATLAB\R2013a\bin\win32\boost_system-vc100-mt-1_49.dll
0x59b70000 - 0x59b91000 	C:\Program Files\MATLAB\R2013a\bin\win32\LIBEXPAT.dll
0x72eb0000 - 0x72ff9000 	C:\Program Files\MATLAB\R2013a\bin\win32\icuin49.dll
0x7ea10000 - 0x7eb17000 	C:\Program Files\MATLAB\R2013a\bin\win32\icuuc49.dll
0x0aa90000 - 0x0bbb2000 	C:\Program Files\MATLAB\R2013a\bin\win32\icudt49.dll
0x73db0000 - 0x73dbd000 	C:\Program Files\MATLAB\R2013a\bin\win32\icuio49.dll
0x0bbc0000 - 0x0bee3000 	C:\Program Files\MATLAB\R2013a\bin\win32\libmwMATLAB_res.dll
0x7e450000 - 0x7e504000 	C:\Program Files\MATLAB\R2013a\bin\win32\boost_regex-vc100-mt-1_49.dll
0x5b5b0000 - 0x5b5be000 	C:\Program Files\MATLAB\R2013a\bin\win32\boost_signals-vc100-mt-1_49.dll
0x5be10000 - 0x5be1e000 	C:\Program Files\MATLAB\R2013a\bin\win32\boost_thread-vc100-mt-1_49.dll
0x50000000 - 0x50074000 	C:\Program Files\MATLAB\R2013a\bin\win32\boost_log-vc100-mt-1_49.dll
0x59b40000 - 0x59b68000 	C:\Program Files\MATLAB\R2013a\bin\win32\tbb.dll
0x75b70000 - 0x75b9b000 	C:\Windows\system32\imagehlp.dll
0x74860000 - 0x74885000 	C:\Windows\system32\POWRPROF.dll
0x759d0000 - 0x75b6d000 	C:\Windows\system32\SETUPAPI.dll
0x75680000 - 0x756a7000 	C:\Windows\system32\CFGMGR32.dll
0x75750000 - 0x75762000 	C:\Windows\system32\DEVOBJ.dll
0x0c0a0000 - 0x0c296000 	C:\Program Files\MATLAB\R2013a\bin\win32\nativemcl.dll
0x06230000 - 0x062c1000 	C:\Program Files\MATLAB\R2013a\bin\win32\libut.dll
0x062d0000 - 0x062e9000 	C:\Program Files\MATLAB\R2013a\bin\win32\libmwmfl_scalar.dll
0x731b0000 - 0x7329b000 	C:\Windows\system32\dbghelp.dll
0x7db50000 - 0x7dc0c000 	C:\Program Files\MATLAB\R2013a\bin\win32\libmx.dll
0x59af0000 - 0x59b08000 	C:\Program Files\MATLAB\R2013a\bin\win32\tbbmalloc.dll
0x062f0000 - 0x06303000 	C:\Windows\system32\zlib1.dll
0x08450000 - 0x085b4000 	C:\Program Files\MATLAB\R2013a\bin\win32\mclmcr.dll
0x7f270000 - 0x7f2f7000 	C:\Program Files\MATLAB\R2013a\bin\win32\mcr.dll
0x7d4b0000 - 0x7d83e000 	C:\Program Files\MATLAB\R2013a\bin\win32\iqm.dll
0x0c2a0000 - 0x0c536000 	C:\Program Files\MATLAB\R2013a\bin\win32\libmwservices.dll
0x06310000 - 0x0634d000 	C:\Program Files\MATLAB\R2013a\bin\win32\libmwregexp.dll
0x7df40000 - 0x7df78000 	C:\Program Files\MATLAB\R2013a\bin\win32\mpath.dll
0x0c540000 - 0x0ca53000 	C:\Program Files\MATLAB\R2013a\bin\win32\mlutil.dll
0x0bef0000 - 0x0bf52000 	C:\Program Files\MATLAB\R2013a\bin\win32\xmlcore.dll
0x71680000 - 0x71840000 	C:\Program Files\MATLAB\R2013a\bin\win32\xerces-c_2_7.dll
0x06350000 - 0x0636f000 	C:\Program Files\MATLAB\R2013a\bin\win32\libmwMATLAB_settings_res.dll
0x59cd0000 - 0x59cdd000 	C:\Program Files\MATLAB\R2013a\bin\win32\boost_iostreams-vc100-mt-1_49.dll
0x55d00000 - 0x55d3e000 	C:\Program Files\MATLAB\R2013a\bin\win32\boost_serialization-vc100-mt-1_49.dll

VM Arguments:
jvm_args: -Djava.library.path=E:\nju\2014»¨Æì±­\treasuryArbitrage\treasuryArbitrage\lib -Dfile.encoding=GBK 
java_command: edu.nju.treasuryArbitrage.TreasuryArbitrage
Launcher Type: SUN_STANDARD

Environment Variables:
JAVA_HOME=C:\Program Files\Java\jdk1.7.0_25
CLASSPATH=E:\nju\2014»¨Æì±­\treasuryArbitrage\treasuryArbitrage\src.;C:\Program Files\Java\jdk1.7.0_25\lib.;C:\Program Files\LINGO11\Lingo11_0.jar.;
PATH=C:\Program Files\Java\jdk1.7.0_25\bin\..\jre\bin\client;C:\Program Files\Java\jdk1.7.0_25\bin\..\jre\bin;C:\Program Files\Java\jdk1.7.0_25\bin\..\jre\lib\i386;C:\Program Files\Java\jdk1.7.0_25\bin;C:\Program Files\Common Files\Intel\Shared Libraries\redist\ia32\compiler;C:\Windows\system32;C:\Windows;C:\Windows\System32\Wbem;C:\Windows\System32\WindowsPowerShell\v1.0\;C:\Program Files\MATLAB\R2013a\runtime\win32;C:\Program Files\MATLAB\R2013a\bin;C:\Program Files\ATI Technologies\ATI.ACE\Core-Static;C:\MinGW\bin;C:\Program Files\LINGO11\;D:\C\Program Files\CTEX\UserData\miktex\bin;D:\C\Program Files\CTEX\MiKTeX\miktex\bin;D:\C\Program Files\CTEX\CTeX\ctex\bin;D:\C\Program Files\CTEX\CTeX\cct\bin;D:\C\Program Files\CTEX\CTeX\ty\bin;D:\C\Program Files\CTEX\Ghostscript\gs9.05\bin;D:\C\Program Files\CTEX\GSview\gsview;D:\C\Program Files\CTEX\WinEdt;C:\Program Files\Java\jdk1.7.0_25\bin;C:\Program Files\TortoiseSVN\bin;C:\Program Files\MATLAB\MATLAB Compiler Runtime\v81\runtime\win32;C:\MinGW\bin;C:\Program Files\Java\jdk1.7.0_25\bin;D:\baiduyundownload\eclipse;C:\Users\DAVIS\AppData\Local\Temp\DAVIS\mcrCache8.1\Arbitr0\bin\win32\
USERNAME=DAVIS
OS=Windows_NT
PROCESSOR_IDENTIFIER=x86 Family 6 Model 37 Stepping 5, GenuineIntel



---------------  S Y S T E M  ---------------

OS: Windows 7 Build 7601 Service Pack 1

CPU:total 4 (2 cores per cpu, 2 threads per core) family 6 model 37 stepping 5, cmov, cx8, fxsr, mmx, sse, sse2, sse3, ssse3, sse4.1, sse4.2, popcnt, ht, tsc, tscinvbit

Memory: 4k page, physical 4051508k(1386916k free), swap 10126172k(6885372k free)

vm_info: Java HotSpot(TM) Client VM (23.25-b01) for windows-x86 JRE (1.7.0_25-b17), built on Jun 21 2013 13:06:48 by "java_re" with unknown MS VC++:1600

time: Fri Nov 07 17:19:32 2014
elapsed time: 28 seconds

