#
# A fatal error has been detected by the Java Runtime Environment:
#
#  EXCEPTION_ACCESS_VIOLATION (0xc0000005) at pc=0x0a91c1d8, pid=5144, tid=6372
#
# JRE version: 7.0_25-b17
# Java VM: Java HotSpot(TM) Client VM (23.25-b01 mixed mode, sharing windows-x86 )
# Problematic frame:
# C  [nativemcl.dll+0x8c1d8]  jproxy::callMethod<long>+0x83228
#
# Failed to write core dump. Minidumps are not enabled by default on client versions of Windows
#
# If you would like to submit a bug report, please visit:
#   http://bugreport.sun.com/bugreport/crash.jsp
#

---------------  T H R E A D  ---------------

Current thread (0x00621400):  VMThread [stack: 0x03b50000,0x03ba0000] [id=6372]

siginfo: ExceptionCode=0xc0000005, reading address 0x00000058

Registers:
EAX=0x00000000, EBX=0x00000000, ECX=0x00621528, EDX=0x00636740
ESP=0x03b9f330, EBP=0x03b9f330, ESI=0x05ff21a8, EDI=0x00621528
EIP=0x0a91c1d8, EFLAGS=0x00010202

Top of Stack: (sp=0x03b9f330)
0x03b9f330:   03b9f384 0a91e913 00636740 0e2b5bc8
0x03b9f340:   05ff2168 0aa2e111 00000000 0a91c210
0x03b9f350:   5a0e00e8 6c646e61 31407265 74500036
0x03b9f360:   00003b72 0e2b5b80 03cd4318 0e2abd6d
0x03b9f370:   00000001 00621528 03b9f3a0 0aa0f618
0x03b9f380:   00000002 03b9f3ac 0a92fd60 03b9f398
0x03b9f390:   0e2b5bc0 0e2b5be0 0a91c1d0 00636740
0x03b9f3a0:   03b9f3e8 0aa10e83 00000001 03b9f3c4 

Instructions: (pc=0x0a91c1d8)
0x0a91c1b8:   e8 33 91 0e 00 83 c4 04 8b c6 5e 5d c2 04 00 cc
0x0a91c1c8:   cc cc cc cc cc cc cc cc 55 8b ec 8b 55 08 8b 01
0x0a91c1d8:   8b 40 58 52 51 ff d0 5d c2 04 00 cc cc cc cc cc
0x0a91c1e8:   cc cc cc cc cc cc cc cc 55 8b ec 8b 55 0c 8b 01 


Register to memory mapping:

EAX=
[error occurred during error reporting (printing register info), id 0xc0000005]

Stack: [0x03b50000,0x03ba0000],  sp=0x03b9f330,  free space=316k
Native frames: (J=compiled Java code, j=interpreted, Vv=VM code, C=native code)
C  [nativemcl.dll+0x8c1d8]  jproxy::callMethod<long>+0x83228
C  [nativemcl.dll+0x8e913]  jproxy::JNIEnvInjector::operator=+0x12f3
C  [nativemcl.dll+0x9fd60]  Java_com_mathworks_toolbox_javabuilder_internal_MWMCR_mclInitializeApplication+0x4c0
C  [nativemcl.dll+0xa0961]  Java_com_mathworks_toolbox_javabuilder_internal_MWMCR_mclFeval+0xa71
C  0x0e2a7900  set_ctfrt_output_handler+0x1530
C  0x0e2a85bf  set_ctfrt_output_handler+0x21ef
C  0x0e2a9a66  set_ctfrt_output_handler+0x3696
C  0x0e2aca85  ctfrtExtractCtf+0xa35
C  0x0e2acba1  ctfrtExtractCtf+0xb51
C  0x0e2acc1e  ctfrtExtractCtf+0xbce
C  [ntdll.dll+0x589d8]  wcsncmp+0x4c
C  [ntdll.dll+0x5e104]  RtlNumberGenericTableElements+0x84
C  [ntdll.dll+0x5e19f]  RtlExitUserProcess+0x74
C  [kernel32.dll+0x5bbe7]  ExitProcess+0x15
C  [msvcr100.dll+0x27ec3]  IsExceptionObjectToBeDestroyed+0x2ac
C  [msvcr100.dll+0x27fe0]  IsExceptionObjectToBeDestroyed+0x3c9
C  [msvcr100.dll+0x28051]  exit+0x11
V  [jvm.dll+0x123992]
V  [jvm.dll+0x1491ed]
V  [jvm.dll+0x1483ae]
V  [jvm.dll+0x148737]
V  [jvm.dll+0x148c02]
V  [jvm.dll+0x177bb9]
C  [msvcr100.dll+0x5c6de]  endthreadex+0x3a
C  [msvcr100.dll+0x5c788]  endthreadex+0xe4
C  [kernel32.dll+0x4ed5c]  BaseThreadInitThunk+0x12
C  [ntdll.dll+0x637eb]  RtlInitializeExceptionChain+0xef
C  [ntdll.dll+0x637be]  RtlInitializeExceptionChain+0xc2

VM_Operation (0x0469e780): Exit, mode: safepoint, requested by thread 0x06216c00


---------------  P R O C E S S  ---------------

Java Threads: ( => current thread )
  0x08888400 JavaThread "Thread-6" [_thread_blocked, id=6724, stack(0x084e0000,0x08530000)]
  0x087b2800 JavaThread "Thread-4" [_thread_in_native, id=5340, stack(0x06490000,0x064e0000)]
  0x06317c00 JavaThread "TimerQueue" daemon [_thread_blocked, id=5604, stack(0x08640000,0x08690000)]
  0x0017b400 JavaThread "DestroyJavaVM" [_thread_blocked, id=6812, stack(0x00d00000,0x00d50000)]
  0x06216c00 JavaThread "AWT-EventQueue-0" [_thread_blocked, id=4052, stack(0x04650000,0x046a0000)]
  0x03d52400 JavaThread "AWT-Shutdown" [_thread_blocked, id=8080, stack(0x041f0000,0x04240000)]
  0x03d42800 JavaThread "Java2D Disposer" daemon [_thread_blocked, id=3216, stack(0x04270000,0x042c0000)]
  0x03c5d400 JavaThread "Thread-0" [_thread_blocked, id=7640, stack(0x03eb0000,0x03f00000)]
  0x00651400 JavaThread "Service Thread" daemon [_thread_blocked, id=4236, stack(0x04100000,0x04150000)]
  0x0064d000 JavaThread "C1 CompilerThread0" daemon [_thread_blocked, id=6820, stack(0x03ff0000,0x04040000)]
  0x0066ec00 JavaThread "Attach Listener" daemon [_thread_blocked, id=4468, stack(0x03f60000,0x03fb0000)]
  0x0066dc00 JavaThread "Signal Dispatcher" daemon [_thread_blocked, id=7008, stack(0x03e50000,0x03ea0000)]
  0x00628000 JavaThread "Finalizer" daemon [_thread_blocked, id=7752, stack(0x03be0000,0x03c30000)]
  0x00623400 JavaThread "Reference Handler" daemon [_thread_blocked, id=4652, stack(0x00e70000,0x00ec0000)]

Other Threads:
=>0x00621400 VMThread [stack: 0x03b50000,0x03ba0000] [id=6372]

VM state:at safepoint (shutting down)

VM Mutex/Monitor currently owned by a thread:  ([mutex/lock_event])
[0x001799e8] Threads_lock - owner thread: 0x00621400

Heap
 def new generation   total 8000K, used 2521K [0x23a00000, 0x242a0000, 0x28f50000)
  eden space 7168K,  30% used [0x23a00000, 0x23c21800, 0x24100000)
  from space 832K,  40% used [0x241d0000, 0x24224da0, 0x242a0000)
  to   space 832K,   0% used [0x24100000, 0x24100000, 0x241d0000)
 tenured generation   total 17580K, used 14669K [0x28f50000, 0x2a07b000, 0x33a00000)
   the space 17580K,  83% used [0x28f50000, 0x29da3428, 0x29da3600, 0x2a07b000)
 compacting perm gen  total 12288K, used 5523K [0x33a00000, 0x34600000, 0x37a00000)
   the space 12288K,  44% used [0x33a00000, 0x33f64e70, 0x33f65000, 0x34600000)
    ro space 10240K,  45% used [0x37a00000, 0x37e89b28, 0x37e89c00, 0x38400000)
    rw space 12288K,  54% used [0x38400000, 0x38a8d0e8, 0x38a8d200, 0x39000000)

Card table byte_map: [0x00d50000,0x00e00000] byte_map_base: 0x00c33000

Polling page: 0x00120000

Code Cache  [0x01b20000, 0x01d88000, 0x03b20000)
 total_blobs=1475 nmethods=1183 adapters=225 free_code_cache=30316Kb largest_free_block=31043904

Compilation events (10 events):
Event: 19.061 Thread 0x0064d000 1180   !         sun.security.validator.KeyStores::getTrustedCerts (129 bytes)
Event: 19.062 Thread 0x0064d000 nmethod 1180 0x01d82288 code [0x01d824e0, 0x01d82b64]
Event: 19.235 Thread 0x0064d000 1181             org.apache.http.impl.cookie.NetscapeDraftHeaderParser::parseNameValuePair (253 bytes)
Event: 19.236 Thread 0x0064d000 nmethod 1181 0x01d83648 code [0x01d837e0, 0x01d83cd4]
Event: 19.236 Thread 0x0064d000 1182             java.lang.StringBuilder::<init> (18 bytes)
Event: 19.236 Thread 0x0064d000 nmethod 1182 0x01d844c8 code [0x01d845d0, 0x01d8470c]
Event: 19.237 Thread 0x0064d000 1183             javax.swing.table.DefaultTableCellRenderer::revalidate (1 bytes)
Event: 19.237 Thread 0x0064d000 nmethod 1183 0x01d84808 code [0x01d84900, 0x01d84980]
Event: 20.419 Thread 0x0064d000 1184             java.util.Calendar::isSet (15 bytes)
Event: 20.419 Thread 0x0064d000 nmethod 1184 0x01d849c8 code [0x01d84ac0, 0x01d84b70]

GC Heap History (10 events):
Event: 10.255 GC heap before
{Heap before GC invocations=14 (full 1):
 def new generation   total 8000K, used 7236K [0x23a00000, 0x242a0000, 0x28f50000)
  eden space 7168K,  99% used [0x23a00000, 0x240ff5c8, 0x24100000)
  from space 832K,   8% used [0x24100000, 0x24111bb0, 0x241d0000)
  to   space 832K,   0% used [0x241d0000, 0x241d0000, 0x242a0000)
 tenured generation   total 17580K, used 10767K [0x28f50000, 0x2a07b000, 0x33a00000)
   the space 17580K,  61% used [0x28f50000, 0x299d3e78, 0x299d4000, 0x2a07b000)
 compacting perm gen  total 12288K, used 5483K [0x33a00000, 0x34600000, 0x37a00000)
   the space 12288K,  44% used [0x33a00000, 0x33f5ae98, 0x33f5b000, 0x34600000)
    ro space 10240K,  45% used [0x37a00000, 0x37e89b28, 0x37e89c00, 0x38400000)
    rw space 12288K,  54% used [0x38400000, 0x38a8d0e8, 0x38a8d200, 0x39000000)
Event: 10.257 GC heap after
Heap after GC invocations=15 (full 1):
 def new generation   total 8000K, used 29K [0x23a00000, 0x242a0000, 0x28f50000)
  eden space 7168K,   0% used [0x23a00000, 0x23a00000, 0x24100000)
  from space 832K,   3% used [0x241d0000, 0x241d74c8, 0x242a0000)
  to   space 832K,   0% used [0x24100000, 0x24100000, 0x241d0000)
 tenured generation   total 17580K, used 10767K [0x28f50000, 0x2a07b000, 0x33a00000)
   the space 17580K,  61% used [0x28f50000, 0x299d3e78, 0x299d4000, 0x2a07b000)
 compacting perm gen  total 12288K, used 5483K [0x33a00000, 0x34600000, 0x37a00000)
   the space 12288K,  44% used [0x33a00000, 0x33f5ae98, 0x33f5b000, 0x34600000)
    ro space 10240K,  45% used [0x37a00000, 0x37e89b28, 0x37e89c00, 0x38400000)
    rw space 12288K,  54% used [0x38400000, 0x38a8d0e8, 0x38a8d200, 0x39000000)
}
Event: 10.308 GC heap before
{Heap before GC invocations=15 (full 1):
 def new generation   total 8000K, used 7194K [0x23a00000, 0x242a0000, 0x28f50000)
  eden space 7168K,  99% used [0x23a00000, 0x240ff568, 0x24100000)
  from space 832K,   3% used [0x241d0000, 0x241d74c8, 0x242a0000)
  to   space 832K,   0% used [0x24100000, 0x24100000, 0x241d0000)
 tenured generation   total 17580K, used 10767K [0x28f50000, 0x2a07b000, 0x33a00000)
   the space 17580K,  61% used [0x28f50000, 0x299d3e78, 0x299d4000, 0x2a07b000)
 compacting perm gen  total 12288K, used 5483K [0x33a00000, 0x34600000, 0x37a00000)
   the space 12288K,  44% used [0x33a00000, 0x33f5ae98, 0x33f5b000, 0x34600000)
    ro space 10240K,  45% used [0x37a00000, 0x37e89b28, 0x37e89c00, 0x38400000)
    rw space 12288K,  54% used [0x38400000, 0x38a8d0e8, 0x38a8d200, 0x39000000)
Event: 10.309 GC heap after
Heap after GC invocations=16 (full 1):
 def new generation   total 8000K, used 29K [0x23a00000, 0x242a0000, 0x28f50000)
  eden space 7168K,   0% used [0x23a00000, 0x23a00000, 0x24100000)
  from space 832K,   3% used [0x24100000, 0x24107520, 0x241d0000)
  to   space 832K,   0% used [0x241d0000, 0x241d0000, 0x242a0000)
 tenured generation   total 17580K, used 10767K [0x28f50000, 0x2a07b000, 0x33a00000)
   the space 17580K,  61% used [0x28f50000, 0x299d3e78, 0x299d4000, 0x2a07b000)
 compacting perm gen  total 12288K, used 5483K [0x33a00000, 0x34600000, 0x37a00000)
   the space 12288K,  44% used [0x33a00000, 0x33f5ae98, 0x33f5b000, 0x34600000)
    ro space 10240K,  45% used [0x37a00000, 0x37e89b28, 0x37e89c00, 0x38400000)
    rw space 12288K,  54% used [0x38400000, 0x38a8d0e8, 0x38a8d200, 0x39000000)
}
Event: 10.377 GC heap before
{Heap before GC invocations=16 (full 1):
 def new generation   total 8000K, used 7195K [0x23a00000, 0x242a0000, 0x28f50000)
  eden space 7168K,  99% used [0x23a00000, 0x240ff978, 0x24100000)
  from space 832K,   3% used [0x24100000, 0x24107520, 0x241d0000)
  to   space 832K,   0% used [0x241d0000, 0x241d0000, 0x242a0000)
 tenured generation   total 17580K, used 10767K [0x28f50000, 0x2a07b000, 0x33a00000)
   the space 17580K,  61% used [0x28f50000, 0x299d3e78, 0x299d4000, 0x2a07b000)
 compacting perm gen  total 12288K, used 5483K [0x33a00000, 0x34600000, 0x37a00000)
   the space 12288K,  44% used [0x33a00000, 0x33f5ae98, 0x33f5b000, 0x34600000)
    ro space 10240K,  45% used [0x37a00000, 0x37e89b28, 0x37e89c00, 0x38400000)
    rw space 12288K,  54% used [0x38400000, 0x38a8d0e8, 0x38a8d200, 0x39000000)
Event: 10.378 GC heap after
Heap after GC invocations=17 (full 1):
 def new generation   total 8000K, used 29K [0x23a00000, 0x242a0000, 0x28f50000)
  eden space 7168K,   0% used [0x23a00000, 0x23a00000, 0x24100000)
  from space 832K,   3% used [0x241d0000, 0x241d7520, 0x242a0000)
  to   space 832K,   0% used [0x24100000, 0x24100000, 0x241d0000)
 tenured generation   total 17580K, used 10767K [0x28f50000, 0x2a07b000, 0x33a00000)
   the space 17580K,  61% used [0x28f50000, 0x299d3e78, 0x299d4000, 0x2a07b000)
 compacting perm gen  total 12288K, used 5483K [0x33a00000, 0x34600000, 0x37a00000)
   the space 12288K,  44% used [0x33a00000, 0x33f5ae98, 0x33f5b000, 0x34600000)
    ro space 10240K,  45% used [0x37a00000, 0x37e89b28, 0x37e89c00, 0x38400000)
    rw space 12288K,  54% used [0x38400000, 0x38a8d0e8, 0x38a8d200, 0x39000000)
}
Event: 14.519 GC heap before
{Heap before GC invocations=17 (full 1):
 def new generation   total 8000K, used 7197K [0x23a00000, 0x242a0000, 0x28f50000)
  eden space 7168K, 100% used [0x23a00000, 0x24100000, 0x24100000)
  from space 832K,   3% used [0x241d0000, 0x241d7520, 0x242a0000)
  to   space 832K,   0% used [0x24100000, 0x24100000, 0x241d0000)
 tenured generation   total 17580K, used 10767K [0x28f50000, 0x2a07b000, 0x33a00000)
   the space 17580K,  61% used [0x28f50000, 0x299d3e78, 0x299d4000, 0x2a07b000)
 compacting perm gen  total 12288K, used 5513K [0x33a00000, 0x34600000, 0x37a00000)
   the space 12288K,  44% used [0x33a00000, 0x33f62618, 0x33f62800, 0x34600000)
    ro space 10240K,  45% used [0x37a00000, 0x37e89b28, 0x37e89c00, 0x38400000)
    rw space 12288K,  54% used [0x38400000, 0x38a8d0e8, 0x38a8d200, 0x39000000)
Event: 14.522 GC heap after
Heap after GC invocations=18 (full 1):
 def new generation   total 8000K, used 195K [0x23a00000, 0x242a0000, 0x28f50000)
  eden space 7168K,   0% used [0x23a00000, 0x23a00000, 0x24100000)
  from space 832K,  23% used [0x24100000, 0x24130ce0, 0x241d0000)
  to   space 832K,   0% used [0x241d0000, 0x241d0000, 0x242a0000)
 tenured generation   total 17580K, used 12502K [0x28f50000, 0x2a07b000, 0x33a00000)
   the space 17580K,  71% used [0x28f50000, 0x29b85ad8, 0x29b85c00, 0x2a07b000)
 compacting perm gen  total 12288K, used 5513K [0x33a00000, 0x34600000, 0x37a00000)
   the space 12288K,  44% used [0x33a00000, 0x33f62618, 0x33f62800, 0x34600000)
    ro space 10240K,  45% used [0x37a00000, 0x37e89b28, 0x37e89c00, 0x38400000)
    rw space 12288K,  54% used [0x38400000, 0x38a8d0e8, 0x38a8d200, 0x39000000)
}
Event: 18.081 GC heap before
{Heap before GC invocations=18 (full 1):
 def new generation   total 8000K, used 7363K [0x23a00000, 0x242a0000, 0x28f50000)
  eden space 7168K, 100% used [0x23a00000, 0x24100000, 0x24100000)
  from space 832K,  23% used [0x24100000, 0x24130ce0, 0x241d0000)
  to   space 832K,   0% used [0x241d0000, 0x241d0000, 0x242a0000)
 tenured generation   total 17580K, used 12502K [0x28f50000, 0x2a07b000, 0x33a00000)
   the space 17580K,  71% used [0x28f50000, 0x29b85ad8, 0x29b85c00, 0x2a07b000)
 compacting perm gen  total 12288K, used 5520K [0x33a00000, 0x34600000, 0x37a00000)
   the space 12288K,  44% used [0x33a00000, 0x33f64318, 0x33f64400, 0x34600000)
    ro space 10240K,  45% used [0x37a00000, 0x37e89b28, 0x37e89c00, 0x38400000)
    rw space 12288K,  54% used [0x38400000, 0x38a8d0e8, 0x38a8d200, 0x39000000)
Event: 18.084 GC heap after
Heap after GC invocations=19 (full 1):
 def new generation   total 8000K, used 339K [0x23a00000, 0x242a0000, 0x28f50000)
  eden space 7168K,   0% used [0x23a00000, 0x23a00000, 0x24100000)
  from space 832K,  40% used [0x241d0000, 0x24224da0, 0x242a0000)
  to   space 832K,   0% used [0x24100000, 0x24100000, 0x241d0000)
 tenured generation   total 17580K, used 14669K [0x28f50000, 0x2a07b000, 0x33a00000)
   the space 17580K,  83% used [0x28f50000, 0x29da3428, 0x29da3600, 0x2a07b000)
 compacting perm gen  total 12288K, used 5520K [0x33a00000, 0x34600000, 0x37a00000)
   the space 12288K,  44% used [0x33a00000, 0x33f64318, 0x33f64400, 0x34600000)
    ro space 10240K,  45% used [0x37a00000, 0x37e89b28, 0x37e89c00, 0x38400000)
    rw space 12288K,  54% used [0x38400000, 0x38a8d0e8, 0x38a8d200, 0x39000000)
}

Deoptimization events (0 events):
No events

Internal exceptions (10 events):
Event: 10.154 Thread 0x087b2800 Threw 0x23b58840 at C:\jdk7u2_32P\jdk7u25\hotspot\src\share\vm\prims\jvm.cpp:1235
Event: 10.155 Thread 0x087b2800 Threw 0x23b63908 at C:\jdk7u2_32P\jdk7u25\hotspot\src\share\vm\prims\jvm.cpp:1235
Event: 10.156 Thread 0x087b2800 Threw 0x23b688c0 at C:\jdk7u2_32P\jdk7u25\hotspot\src\share\vm\prims\jvm.cpp:1235
Event: 10.156 Thread 0x087b2800 Threw 0x23b6d5c0 at C:\jdk7u2_32P\jdk7u25\hotspot\src\share\vm\prims\jvm.cpp:1235
Event: 10.157 Thread 0x087b2800 Threw 0x23b72760 at C:\jdk7u2_32P\jdk7u25\hotspot\src\share\vm\prims\jvm.cpp:1235
Event: 10.157 Thread 0x087b2800 Threw 0x23b77560 at C:\jdk7u2_32P\jdk7u25\hotspot\src\share\vm\prims\jvm.cpp:1235
Event: 10.157 Thread 0x087b2800 Threw 0x23b7b5e8 at C:\jdk7u2_32P\jdk7u25\hotspot\src\share\vm\prims\jvm.cpp:1235
Event: 10.158 Thread 0x087b2800 Threw 0x23b86ca0 at C:\jdk7u2_32P\jdk7u25\hotspot\src\share\vm\prims\jvm.cpp:1235
Event: 10.159 Thread 0x087b2800 Threw 0x23b90018 at C:\jdk7u2_32P\jdk7u25\hotspot\src\share\vm\prims\jni.cpp:742
Event: 10.159 Thread 0x087b2800 Threw 0x23b909a0 at C:\jdk7u2_32P\jdk7u25\hotspot\src\share\vm\prims\jni.cpp:742

Events (10 events):
Event: 18.261 Thread 0x0630e400 Thread exited: 0x0630e400
Event: 18.261 Thread 0x08a98400 Thread exited: 0x08a98400
Event: 18.262 Thread 0x08a99000 Thread added: 0x08a99000
Event: 18.262 loading class 0x391ab7d8
Event: 18.262 Thread 0x08a99000 Thread exited: 0x08a99000
Event: 18.262 loading class 0x391ab7d8 done
Event: 18.285 Thread 0x03d57c00 Thread exited: 0x03d57c00
Event: 18.362 Thread 0x08a98000 Thread exited: 0x08a98000
Event: 21.571 Executing VM operation: Exit
Event: 21.571 Thread 0x08a98c00 Thread exited: 0x08a98c00


Dynamic libraries:
0x00ef0000 - 0x00f1f000 	C:\Program Files\Java\jdk1.7.0_25\bin\javaw.exe
0x77470000 - 0x775ac000 	C:\Windows\SYSTEM32\ntdll.dll
0x75ba0000 - 0x75c74000 	C:\Windows\system32\kernel32.dll
0x75500000 - 0x7554b000 	C:\Windows\system32\KERNELBASE.dll
0x76200000 - 0x762a0000 	C:\Windows\system32\ADVAPI32.dll
0x757f0000 - 0x7589c000 	C:\Windows\system32\msvcrt.dll
0x775c0000 - 0x775d9000 	C:\Windows\SYSTEM32\sechost.dll
0x75f20000 - 0x75fc2000 	C:\Windows\system32\RPCRT4.dll
0x75900000 - 0x759c9000 	C:\Windows\system32\USER32.dll
0x758b0000 - 0x758fe000 	C:\Windows\system32\GDI32.dll
0x757e0000 - 0x757ea000 	C:\Windows\system32\LPK.dll
0x772a0000 - 0x7733d000 	C:\Windows\system32\USP10.dll
0x74270000 - 0x7440e000 	C:\Windows\WinSxS\x86_microsoft.windows.common-controls_6595b64144ccf1df_6.0.7601.17514_none_41e6975e2bd6f2b2\COMCTL32.dll
0x77160000 - 0x771b7000 	C:\Windows\system32\SHLWAPI.dll
0x775e0000 - 0x775ff000 	C:\Windows\system32\IMM32.DLL
0x762e0000 - 0x763ac000 	C:\Windows\system32\MSCTF.dll
0x565b0000 - 0x5666e000 	C:\Program Files\Java\jdk1.7.0_25\jre\bin\msvcr100.dll
0x59e00000 - 0x5a142000 	C:\Program Files\Java\jdk1.7.0_25\jre\bin\client\jvm.dll
0x71290000 - 0x71297000 	C:\Windows\system32\WSOCK32.dll
0x762a0000 - 0x762d5000 	C:\Windows\system32\WS2_32.dll
0x775b0000 - 0x775b6000 	C:\Windows\system32\NSI.dll
0x73b10000 - 0x73b42000 	C:\Windows\system32\WINMM.dll
0x758a0000 - 0x758a5000 	C:\Windows\system32\PSAPI.DLL
0x73300000 - 0x7330c000 	C:\Program Files\Java\jdk1.7.0_25\jre\bin\verify.dll
0x732e0000 - 0x73300000 	C:\Program Files\Java\jdk1.7.0_25\jre\bin\java.dll
0x732c0000 - 0x732d3000 	C:\Program Files\Java\jdk1.7.0_25\jre\bin\zip.dll
0x57750000 - 0x57894000 	C:\Program Files\Java\jdk1.7.0_25\jre\bin\awt.dll
0x771c0000 - 0x7724f000 	C:\Windows\system32\OLEAUT32.dll
0x77000000 - 0x7715c000 	C:\Windows\system32\ole32.dll
0x73cb0000 - 0x73cc3000 	C:\Windows\system32\DWMAPI.DLL
0x73fa0000 - 0x73fe0000 	C:\Windows\system32\uxtheme.dll
0x64180000 - 0x641e1000 	C:\Users\DAVIS\AppData\Roaming\pcmaster\winguard.dll
0x73630000 - 0x7366c000 	C:\Windows\system32\OLEACC.dll
0x763b0000 - 0x76ffa000 	C:\Windows\system32\SHELL32.dll
0x77340000 - 0x77464000 	C:\Windows\system32\urlmon.dll
0x75550000 - 0x75554000 	C:\Windows\system32\api-ms-win-downlevel-ole32-l1-1-0.dll
0x757d0000 - 0x757d4000 	C:\Windows\system32\api-ms-win-downlevel-shlwapi-l1-1-0.dll
0x75780000 - 0x75785000 	C:\Windows\system32\api-ms-win-downlevel-advapi32-l1-1-0.dll
0x75770000 - 0x75774000 	C:\Windows\system32\api-ms-win-downlevel-user32-l1-1-0.dll
0x75790000 - 0x75794000 	C:\Windows\system32\api-ms-win-downlevel-version-l1-1-0.dll
0x74940000 - 0x74949000 	C:\Windows\system32\version.DLL
0x75740000 - 0x75743000 	C:\Windows\system32\api-ms-win-downlevel-normaliz-l1-1-0.dll
0x77690000 - 0x77693000 	C:\Windows\system32\normaliz.DLL
0x75d00000 - 0x75f17000 	C:\Windows\system32\iertutil.dll
0x76030000 - 0x761f4000 	C:\Windows\system32\WININET.dll
0x75400000 - 0x7540c000 	C:\Windows\system32\CRYPTBASE.dll
0x6ae80000 - 0x6ae8a000 	C:\Windows\system32\atiu9pag.dll
0x6afa0000 - 0x6afc0000 	C:\Program Files\Java\jdk1.7.0_25\jre\bin\sunec.dll
0x6b430000 - 0x6b439000 	C:\Program Files\Java\jdk1.7.0_25\jre\bin\sunmscapi.dll
0x75560000 - 0x75680000 	C:\Windows\system32\CRYPT32.dll
0x754f0000 - 0x754fc000 	C:\Windows\system32\MSASN1.dll
0x74f20000 - 0x74f36000 	C:\Windows\system32\CRYPTSP.dll
0x74cc0000 - 0x74cfb000 	C:\Windows\system32\rsaenh.dll
0x74ad0000 - 0x74ae7000 	C:\Windows\system32\USERENV.dll
0x75480000 - 0x7548b000 	C:\Windows\system32\profapi.dll
0x732a0000 - 0x732b4000 	C:\Program Files\Java\jdk1.7.0_25\jre\bin\net.dll
0x74ee0000 - 0x74f1c000 	C:\Windows\system32\mswsock.dll
0x74ed0000 - 0x74ed6000 	C:\Windows\System32\wship6.dll
0x736e0000 - 0x736f0000 	C:\Windows\system32\NLAapi.dll
0x70940000 - 0x70950000 	C:\Windows\system32\napinsp.dll
0x70820000 - 0x70832000 	C:\Windows\system32\pnrpnsp.dll
0x74da0000 - 0x74de4000 	C:\Windows\system32\DNSAPI.dll
0x70930000 - 0x70938000 	C:\Windows\System32\winrnr.dll
0x73aa0000 - 0x73ac1000 	C:\Program Files\Bonjour\mdnsNSP.dll
0x74010000 - 0x7402c000 	C:\Windows\system32\Iphlpapi.DLL
0x74000000 - 0x74007000 	C:\Windows\system32\WINNSI.DLL
0x74890000 - 0x74895000 	C:\Windows\System32\wshtcpip.dll
0x73a40000 - 0x73a46000 	C:\Windows\system32\rasadhlp.dll
0x72e60000 - 0x72e98000 	C:\Windows\System32\fwpuclnt.dll
0x73310000 - 0x7331f000 	C:\Program Files\Java\jdk1.7.0_25\jre\bin\nio.dll
0x5b670000 - 0x5b6a1000 	C:\Program Files\Java\jdk1.7.0_25\jre\bin\fontmanager.dll
0x69710000 - 0x69740000 	C:\Program Files\Java\jdk1.7.0_25\jre\bin\t2k.dll
0x77600000 - 0x77683000 	C:\Windows\system32\CLBCatQ.DLL
0x73b50000 - 0x73c80000 	C:\Windows\system32\WindowsCodecs.dll
0x753b0000 - 0x753fc000 	C:\Windows\system32\apphelp.dll
0x640f0000 - 0x64133000 	C:\Users\DAVIS\AppData\Roaming\VDiskSyn\Bin\CloudBoxShellExt.dll
0x63ae0000 - 0x63c87000 	C:\PROGRA~1\MICROS~2\Office15\GROOVEEX.DLL
0x707a0000 - 0x70809000 	C:\Windows\system32\MSVCP100.dll
0x640c0000 - 0x640e6000 	C:\Windows\system32\ATL100.DLL
0x638a0000 - 0x63ae0000 	C:\Windows\system32\msi.dll
0x62b70000 - 0x633c9000 	C:\PROGRA~1\MICROS~2\Office15\2052\GrooveIntlResource.dll
0x63d40000 - 0x63e3f000 	C:\Program Files\Kingsoft\Klive\kuaipanshellext.dll
0x73a90000 - 0x73a97000 	C:\Windows\system32\FLTLIB.DLL
0x73e10000 - 0x73fa0000 	C:\Windows\WinSxS\x86_microsoft.windows.gdiplus_6595b64144ccf1df_1.1.7601.18120_none_72d2e82386681b36\gdiplus.dll
0x59cf0000 - 0x59d14000 	C:\Program Files\Java\jdk1.7.0_25\jre\bin\dcpr.dll
0x10000000 - 0x10021000 	C:\Program Files\MATLAB\R2013a\bin\win32\BuilderJABootstrap.dll
0x06450000 - 0x0645c000 	C:\Program Files\MATLAB\R2013a\bin\win32\nativedl.dll
0x7ee50000 - 0x7efa3000 	C:\Program Files\MATLAB\R2013a\bin\win32\libmwfl.dll
0x06460000 - 0x0646b000 	C:\Program Files\MATLAB\R2013a\bin\win32\libmwresource_core.dll
0x7dce0000 - 0x7dd75000 	C:\Program Files\MATLAB\R2013a\bin\win32\libmwi18n.dll
0x624a0000 - 0x624ac000 	C:\Program Files\MATLAB\R2013a\bin\win32\boost_date_time-vc100-mt-1_49.dll
0x59ba0000 - 0x59bc5000 	C:\Program Files\MATLAB\R2013a\bin\win32\boost_filesystem-vc100-mt-1_49.dll
0x698f0000 - 0x698f7000 	C:\Program Files\MATLAB\R2013a\bin\win32\boost_system-vc100-mt-1_49.dll
0x59b70000 - 0x59b91000 	C:\Program Files\MATLAB\R2013a\bin\win32\LIBEXPAT.dll
0x72eb0000 - 0x72ff9000 	C:\Program Files\MATLAB\R2013a\bin\win32\icuin49.dll
0x7ea10000 - 0x7eb17000 	C:\Program Files\MATLAB\R2013a\bin\win32\icuuc49.dll
0x0b310000 - 0x0c432000 	C:\Program Files\MATLAB\R2013a\bin\win32\icudt49.dll
0x73db0000 - 0x73dbd000 	C:\Program Files\MATLAB\R2013a\bin\win32\icuio49.dll
0x0c440000 - 0x0c763000 	C:\Program Files\MATLAB\R2013a\bin\win32\libmwMATLAB_res.dll
0x7e450000 - 0x7e504000 	C:\Program Files\MATLAB\R2013a\bin\win32\boost_regex-vc100-mt-1_49.dll
0x5b5b0000 - 0x5b5be000 	C:\Program Files\MATLAB\R2013a\bin\win32\boost_signals-vc100-mt-1_49.dll
0x5be10000 - 0x5be1e000 	C:\Program Files\MATLAB\R2013a\bin\win32\boost_thread-vc100-mt-1_49.dll
0x50000000 - 0x50074000 	C:\Program Files\MATLAB\R2013a\bin\win32\boost_log-vc100-mt-1_49.dll
0x59b40000 - 0x59b68000 	C:\Program Files\MATLAB\R2013a\bin\win32\tbb.dll
0x75b70000 - 0x75b9b000 	C:\Windows\system32\imagehlp.dll
0x74860000 - 0x74885000 	C:\Windows\system32\POWRPROF.dll
0x759d0000 - 0x75b6d000 	C:\Windows\system32\SETUPAPI.dll
0x75680000 - 0x756a7000 	C:\Windows\system32\CFGMGR32.dll
0x75750000 - 0x75762000 	C:\Windows\system32\DEVOBJ.dll
0x0a890000 - 0x0aa86000 	C:\Program Files\MATLAB\R2013a\bin\win32\nativemcl.dll
0x0a690000 - 0x0a721000 	C:\Program Files\MATLAB\R2013a\bin\win32\libut.dll
0x07ba0000 - 0x07bb9000 	C:\Program Files\MATLAB\R2013a\bin\win32\libmwmfl_scalar.dll
0x731b0000 - 0x7329b000 	C:\Windows\system32\dbghelp.dll
0x7db50000 - 0x7dc0c000 	C:\Program Files\MATLAB\R2013a\bin\win32\libmx.dll
0x59af0000 - 0x59b08000 	C:\Program Files\MATLAB\R2013a\bin\win32\tbbmalloc.dll
0x084c0000 - 0x084d3000 	C:\Windows\system32\zlib1.dll
0x0c770000 - 0x0c8d4000 	C:\Program Files\MATLAB\R2013a\bin\win32\mclmcr.dll
0x7f270000 - 0x7f2f7000 	C:\Program Files\MATLAB\R2013a\bin\win32\mcr.dll
0x7d4b0000 - 0x7d83e000 	C:\Program Files\MATLAB\R2013a\bin\win32\iqm.dll
0x0c8e0000 - 0x0cb76000 	C:\Program Files\MATLAB\R2013a\bin\win32\libmwservices.dll
0x08530000 - 0x0856d000 	C:\Program Files\MATLAB\R2013a\bin\win32\libmwregexp.dll
0x7df40000 - 0x7df78000 	C:\Program Files\MATLAB\R2013a\bin\win32\mpath.dll
0x0cb80000 - 0x0d093000 	C:\Program Files\MATLAB\R2013a\bin\win32\mlutil.dll
0x085d0000 - 0x08632000 	C:\Program Files\MATLAB\R2013a\bin\win32\xmlcore.dll
0x71680000 - 0x71840000 	C:\Program Files\MATLAB\R2013a\bin\win32\xerces-c_2_7.dll
0x08570000 - 0x0858f000 	C:\Program Files\MATLAB\R2013a\bin\win32\libmwMATLAB_settings_res.dll
0x59cd0000 - 0x59cdd000 	C:\Program Files\MATLAB\R2013a\bin\win32\boost_iostreams-vc100-mt-1_49.dll
0x55d00000 - 0x55d3e000 	C:\Program Files\MATLAB\R2013a\bin\win32\boost_serialization-vc100-mt-1_49.dll

VM Arguments:
jvm_args: -Djava.library.path=E:\nju\2014»¨Æì±­\treasuryArbitrage\treasuryArbitrage\lib -Dfile.encoding=GBK 
java_command: edu.nju.treasuryArbitrage.TreasuryArbitrage
Launcher Type: SUN_STANDARD

Environment Variables:
JAVA_HOME=C:\Program Files\Java\jdk1.7.0_25
CLASSPATH=E:\nju\2014»¨Æì±­\treasuryArbitrage\treasuryArbitrage\src.;C:\Program Files\Java\jdk1.7.0_25\lib.;C:\Program Files\LINGO11\Lingo11_0.jar.;
PATH=C:\Program Files\Java\jdk1.7.0_25\bin\..\jre\bin\client;C:\Program Files\Java\jdk1.7.0_25\bin\..\jre\bin;C:\Program Files\Java\jdk1.7.0_25\bin\..\jre\lib\i386;C:\Program Files\Java\jdk1.7.0_25\bin;C:\Program Files\Common Files\Intel\Shared Libraries\redist\ia32\compiler;C:\Windows\system32;C:\Windows;C:\Windows\System32\Wbem;C:\Windows\System32\WindowsPowerShell\v1.0\;C:\Program Files\MATLAB\R2013a\runtime\win32;C:\Program Files\MATLAB\R2013a\bin;C:\Program Files\ATI Technologies\ATI.ACE\Core-Static;C:\MinGW\bin;C:\Program Files\LINGO11\;D:\C\Program Files\CTEX\UserData\miktex\bin;D:\C\Program Files\CTEX\MiKTeX\miktex\bin;D:\C\Program Files\CTEX\CTeX\ctex\bin;D:\C\Program Files\CTEX\CTeX\cct\bin;D:\C\Program Files\CTEX\CTeX\ty\bin;D:\C\Program Files\CTEX\Ghostscript\gs9.05\bin;D:\C\Program Files\CTEX\GSview\gsview;D:\C\Program Files\CTEX\WinEdt;C:\Program Files\Java\jdk1.7.0_25\bin;C:\Program Files\TortoiseSVN\bin;C:\Program Files\MATLAB\MATLAB Compiler Runtime\v81\runtime\win32;C:\MinGW\bin;C:\Program Files\Java\jdk1.7.0_25\bin;D:\baiduyundownload\eclipse;C:\Users\DAVIS\AppData\Local\Temp\DAVIS\mcrCache8.1\Arbitr0\bin\win32\
USERNAME=DAVIS
OS=Windows_NT
PROCESSOR_IDENTIFIER=x86 Family 6 Model 37 Stepping 5, GenuineIntel



---------------  S Y S T E M  ---------------

OS: Windows 7 Build 7601 Service Pack 1

CPU:total 4 (2 cores per cpu, 2 threads per core) family 6 model 37 stepping 5, cmov, cx8, fxsr, mmx, sse, sse2, sse3, ssse3, sse4.1, sse4.2, popcnt, ht, tsc, tscinvbit

Memory: 4k page, physical 4051508k(1298960k free), swap 10126172k(6794228k free)

vm_info: Java HotSpot(TM) Client VM (23.25-b01) for windows-x86 JRE (1.7.0_25-b17), built on Jun 21 2013 13:06:48 by "java_re" with unknown MS VC++:1600

time: Fri Nov 07 16:48:57 2014
elapsed time: 22 seconds

