#
# A fatal error has been detected by the Java Runtime Environment:
#
#  EXCEPTION_ACCESS_VIOLATION (0xc0000005) at pc=0x0bc0c1d8, pid=8384, tid=8768
#
# JRE version: 7.0_25-b17
# Java VM: Java HotSpot(TM) Client VM (23.25-b01 mixed mode, sharing windows-x86 )
# Problematic frame:
# C  [nativemcl.dll+0x8c1d8]  jproxy::callMethod<long>+0x83228
#
# Failed to write core dump. Minidumps are not enabled by default on client versions of Windows
#
# If you would like to submit a bug report, please visit:
#   http://bugreport.sun.com/bugreport/crash.jsp
#

---------------  T H R E A D  ---------------

Current thread (0x019d1400):  VMThread [stack: 0x03c20000,0x03c70000] [id=8768]

siginfo: ExceptionCode=0xc0000005, reading address 0x00000058

Registers:
EAX=0x00000000, EBX=0x00000000, ECX=0x019d1528, EDX=0x019e66dc
ESP=0x03c6f4d0, EBP=0x03c6f4d0, ESI=0x08de5560, EDI=0x019d1528
EIP=0x0bc0c1d8, EFLAGS=0x00010202

Top of Stack: (sp=0x03c6f4d0)
0x03c6f4d0:   03c6f524 0bc0e913 019e66dc 0dae5bc8
0x03c6f4e0:   08de5520 0bd1e111 00000000 0bc0c210
0x03c6f4f0:   543800e8 6c646e61 31407265 74500036
0x03c6f500:   00003b72 0dae5b80 08dbf798 0dadbd6d
0x03c6f510:   00000001 019d1528 03c6f540 0bcff618
0x03c6f520:   00000002 03c6f54c 0bc1fd60 03c6f538
0x03c6f530:   0dae5bc0 0dae5be0 0bc0c1d0 019e66dc
0x03c6f540:   03c6f588 0bd00e83 00000001 03c6f564 

Instructions: (pc=0x0bc0c1d8)
0x0bc0c1b8:   e8 33 91 0e 00 83 c4 04 8b c6 5e 5d c2 04 00 cc
0x0bc0c1c8:   cc cc cc cc cc cc cc cc 55 8b ec 8b 55 08 8b 01
0x0bc0c1d8:   8b 40 58 52 51 ff d0 5d c2 04 00 cc cc cc cc cc
0x0bc0c1e8:   cc cc cc cc cc cc cc cc 55 8b ec 8b 55 0c 8b 01 


Register to memory mapping:

EAX=
[error occurred during error reporting (printing register info), id 0xc0000005]

Stack: [0x03c20000,0x03c70000],  sp=0x03c6f4d0,  free space=317k
Native frames: (J=compiled Java code, j=interpreted, Vv=VM code, C=native code)
C  [nativemcl.dll+0x8c1d8]  jproxy::callMethod<long>+0x83228
C  [nativemcl.dll+0x8e913]  jproxy::JNIEnvInjector::operator=+0x12f3
C  [nativemcl.dll+0x9fd60]  Java_com_mathworks_toolbox_javabuilder_internal_MWMCR_mclInitializeApplication+0x4c0
C  [nativemcl.dll+0xa0961]  Java_com_mathworks_toolbox_javabuilder_internal_MWMCR_mclFeval+0xa71
C  0x0dad7900  set_ctfrt_output_handler+0x1530
C  0x0dad85bf  set_ctfrt_output_handler+0x21ef
C  0x0dad9a66  set_ctfrt_output_handler+0x3696
C  0x0dadca85  ctfrtExtractCtf+0xa35
C  0x0dadcba1  ctfrtExtractCtf+0xb51
C  0x0dadcc1e  ctfrtExtractCtf+0xbce
C  [ntdll.dll+0x589d8]  wcsncmp+0x4c
C  [ntdll.dll+0x5e104]  RtlNumberGenericTableElements+0x84
C  [ntdll.dll+0x5e19f]  RtlExitUserProcess+0x74
C  [kernel32.dll+0x5bbe7]  ExitProcess+0x15
C  [msvcr100.dll+0x27ec3]  IsExceptionObjectToBeDestroyed+0x2ac
C  [msvcr100.dll+0x27fe0]  IsExceptionObjectToBeDestroyed+0x3c9
C  [msvcr100.dll+0x28051]  exit+0x11
V  [jvm.dll+0x123992]
V  [jvm.dll+0x1491ed]
V  [jvm.dll+0x1483ae]
V  [jvm.dll+0x148737]
V  [jvm.dll+0x148c02]
V  [jvm.dll+0x177bb9]
C  [msvcr100.dll+0x5c6de]  endthreadex+0x3a
C  [msvcr100.dll+0x5c788]  endthreadex+0xe4
C  [kernel32.dll+0x4ed5c]  BaseThreadInitThunk+0x12
C  [ntdll.dll+0x637eb]  RtlInitializeExceptionChain+0xef
C  [ntdll.dll+0x637be]  RtlInitializeExceptionChain+0xc2

VM_Operation (0x06e8eb40): Exit, mode: safepoint, requested by thread 0x069e3800


---------------  P R O C E S S  ---------------

Java Threads: ( => current thread )
  0x03d8f400 JavaThread "Thread-4" [_thread_in_native, id=9860, stack(0x07fd0000,0x08020000)]
  0x06b97400 JavaThread "Thread-6" [_thread_blocked, id=8892, stack(0x08b80000,0x08bd0000)]
  0x06b35400 JavaThread "TimerQueue" daemon [_thread_blocked, id=9044, stack(0x07db0000,0x07e00000)]
  0x01abb400 JavaThread "DestroyJavaVM" [_thread_blocked, id=8260, stack(0x01210000,0x01260000)]
  0x069e3800 JavaThread "AWT-EventQueue-0" [_thread_blocked, id=10120, stack(0x06e40000,0x06e90000)]
  0x03e6c800 JavaThread "AWT-Shutdown" [_thread_blocked, id=9088, stack(0x042e0000,0x04330000)]
  0x03e62c00 JavaThread "Java2D Disposer" daemon [_thread_blocked, id=10196, stack(0x04140000,0x04190000)]
  0x01a04000 JavaThread "Service Thread" daemon [_thread_blocked, id=7552, stack(0x03ac0000,0x03b10000)]
  0x019ffc00 JavaThread "C1 CompilerThread0" daemon [_thread_blocked, id=5236, stack(0x04060000,0x040b0000)]
  0x019ff400 JavaThread "Attach Listener" daemon [_thread_blocked, id=8948, stack(0x04010000,0x04060000)]
  0x01a1dc00 JavaThread "Signal Dispatcher" daemon [_thread_blocked, id=4180, stack(0x03b40000,0x03b90000)]
  0x019d4c00 JavaThread "Finalizer" daemon [_thread_blocked, id=9552, stack(0x03d10000,0x03d60000)]
  0x019d3400 JavaThread "Reference Handler" daemon [_thread_blocked, id=9112, stack(0x03cb0000,0x03d00000)]

Other Threads:
=>0x019d1400 VMThread [stack: 0x03c20000,0x03c70000] [id=8768]

VM state:at safepoint (shutting down)

VM Mutex/Monitor currently owned by a thread:  ([mutex/lock_event])
[0x01ab99e8] Threads_lock - owner thread: 0x019d1400

Heap
 def new generation   total 4928K, used 2833K [0x23a00000, 0x23f50000, 0x28f50000)
  eden space 4416K,  63% used [0x23a00000, 0x23cbd418, 0x23e50000)
  from space 512K,   5% used [0x23e50000, 0x23e57358, 0x23ed0000)
  to   space 512K,   0% used [0x23ed0000, 0x23ed0000, 0x23f50000)
 tenured generation   total 10944K, used 10867K [0x28f50000, 0x29a00000, 0x33a00000)
   the space 10944K,  99% used [0x28f50000, 0x299ecc88, 0x299ece00, 0x29a00000)
 compacting perm gen  total 12288K, used 5502K [0x33a00000, 0x34600000, 0x37a00000)
   the space 12288K,  44% used [0x33a00000, 0x33f5fb40, 0x33f5fc00, 0x34600000)
    ro space 10240K,  45% used [0x37a00000, 0x37e89b28, 0x37e89c00, 0x38400000)
    rw space 12288K,  54% used [0x38400000, 0x38a8d0e8, 0x38a8d200, 0x39000000)

Card table byte_map: [0x01260000,0x01310000] byte_map_base: 0x01143000

Polling page: 0x00240000

Code Cache  [0x01ac0000, 0x01ca0000, 0x03ac0000)
 total_blobs=1113 nmethods=825 adapters=222 free_code_cache=30866Kb largest_free_block=31607168

Compilation events (10 events):
Event: 10.793 Thread 0x019ffc00  820             java.awt.Component::isEnabled (5 bytes)
Event: 10.793 Thread 0x019ffc00 nmethod 820 0x01c9a588 code [0x01c9a680, 0x01c9a700]
Event: 10.857 Thread 0x019ffc00  821             sun.awt.AWTAccessor::getComponentAccessor (19 bytes)
Event: 10.857 Thread 0x019ffc00 nmethod 821 0x01c9a748 code [0x01c9a850, 0x01c9a8ec]
Event: 10.857 Thread 0x019ffc00  822             java.awt.GraphicsEnvironment::isHeadless (4 bytes)
Event: 10.857 Thread 0x019ffc00 nmethod 822 0x01c9a948 code [0x01c9aa50, 0x01c9ab2c]
Event: 10.857 Thread 0x019ffc00  823             java.awt.GraphicsEnvironment::getHeadlessProperty (24 bytes)
Event: 10.857 Thread 0x019ffc00 nmethod 823 0x01c9abc8 code [0x01c9acd0, 0x01c9adac]
Event: 12.409 Thread 0x019ffc00  825   !         sun.awt.PostEventQueue::flush (84 bytes)
Event: 12.409 Thread 0x019ffc00 nmethod 825 0x01c9b0c8 code [0x01c9b1e0, 0x01c9b4c8]

GC Heap History (10 events):
Event: 8.751 GC heap before
{Heap before GC invocations=15 (full 0):
 def new generation   total 4928K, used 4486K [0x23a00000, 0x23f50000, 0x28f50000)
  eden space 4416K, 100% used [0x23a00000, 0x23e50000, 0x23e50000)
  from space 512K,  13% used [0x23ed0000, 0x23ee1a40, 0x23f50000)
  to   space 512K,   0% used [0x23e50000, 0x23e50000, 0x23ed0000)
 tenured generation   total 10944K, used 10867K [0x28f50000, 0x29a00000, 0x33a00000)
   the space 10944K,  99% used [0x28f50000, 0x299ecc88, 0x299ece00, 0x29a00000)
 compacting perm gen  total 12288K, used 5500K [0x33a00000, 0x34600000, 0x37a00000)
   the space 12288K,  44% used [0x33a00000, 0x33f5f008, 0x33f5f200, 0x34600000)
    ro space 10240K,  45% used [0x37a00000, 0x37e89b28, 0x37e89c00, 0x38400000)
    rw space 12288K,  54% used [0x38400000, 0x38a8d0e8, 0x38a8d200, 0x39000000)
Event: 8.752 GC heap after
Heap after GC invocations=16 (full 0):
 def new generation   total 4928K, used 28K [0x23a00000, 0x23f50000, 0x28f50000)
  eden space 4416K,   0% used [0x23a00000, 0x23a00000, 0x23e50000)
  from space 512K,   5% used [0x23e50000, 0x23e57358, 0x23ed0000)
  to   space 512K,   0% used [0x23ed0000, 0x23ed0000, 0x23f50000)
 tenured generation   total 10944K, used 10867K [0x28f50000, 0x29a00000, 0x33a00000)
   the space 10944K,  99% used [0x28f50000, 0x299ecc88, 0x299ece00, 0x29a00000)
 compacting perm gen  total 12288K, used 5500K [0x33a00000, 0x34600000, 0x37a00000)
   the space 12288K,  44% used [0x33a00000, 0x33f5f008, 0x33f5f200, 0x34600000)
    ro space 10240K,  45% used [0x37a00000, 0x37e89b28, 0x37e89c00, 0x38400000)
    rw space 12288K,  54% used [0x38400000, 0x38a8d0e8, 0x38a8d200, 0x39000000)
}
Event: 8.781 GC heap before
{Heap before GC invocations=16 (full 0):
 def new generation   total 4928K, used 4443K [0x23a00000, 0x23f50000, 0x28f50000)
  eden space 4416K,  99% used [0x23a00000, 0x23e4fb30, 0x23e50000)
  from space 512K,   5% used [0x23e50000, 0x23e57358, 0x23ed0000)
  to   space 512K,   0% used [0x23ed0000, 0x23ed0000, 0x23f50000)
 tenured generation   total 10944K, used 10867K [0x28f50000, 0x29a00000, 0x33a00000)
   the space 10944K,  99% used [0x28f50000, 0x299ecc88, 0x299ece00, 0x29a00000)
 compacting perm gen  total 12288K, used 5500K [0x33a00000, 0x34600000, 0x37a00000)
   the space 12288K,  44% used [0x33a00000, 0x33f5f008, 0x33f5f200, 0x34600000)
    ro space 10240K,  45% used [0x37a00000, 0x37e89b28, 0x37e89c00, 0x38400000)
    rw space 12288K,  54% used [0x38400000, 0x38a8d0e8, 0x38a8d200, 0x39000000)
Event: 8.782 GC heap after
Heap after GC invocations=17 (full 0):
 def new generation   total 4928K, used 28K [0x23a00000, 0x23f50000, 0x28f50000)
  eden space 4416K,   0% used [0x23a00000, 0x23a00000, 0x23e50000)
  from space 512K,   5% used [0x23ed0000, 0x23ed7358, 0x23f50000)
  to   space 512K,   0% used [0x23e50000, 0x23e50000, 0x23ed0000)
 tenured generation   total 10944K, used 10867K [0x28f50000, 0x29a00000, 0x33a00000)
   the space 10944K,  99% used [0x28f50000, 0x299ecc88, 0x299ece00, 0x29a00000)
 compacting perm gen  total 12288K, used 5500K [0x33a00000, 0x34600000, 0x37a00000)
   the space 12288K,  44% used [0x33a00000, 0x33f5f008, 0x33f5f200, 0x34600000)
    ro space 10240K,  45% used [0x37a00000, 0x37e89b28, 0x37e89c00, 0x38400000)
    rw space 12288K,  54% used [0x38400000, 0x38a8d0e8, 0x38a8d200, 0x39000000)
}
Event: 8.808 GC heap before
{Heap before GC invocations=17 (full 0):
 def new generation   total 4928K, used 4442K [0x23a00000, 0x23f50000, 0x28f50000)
  eden space 4416K,  99% used [0x23a00000, 0x23e4f710, 0x23e50000)
  from space 512K,   5% used [0x23ed0000, 0x23ed7358, 0x23f50000)
  to   space 512K,   0% used [0x23e50000, 0x23e50000, 0x23ed0000)
 tenured generation   total 10944K, used 10867K [0x28f50000, 0x29a00000, 0x33a00000)
   the space 10944K,  99% used [0x28f50000, 0x299ecc88, 0x299ece00, 0x29a00000)
 compacting perm gen  total 12288K, used 5500K [0x33a00000, 0x34600000, 0x37a00000)
   the space 12288K,  44% used [0x33a00000, 0x33f5f008, 0x33f5f200, 0x34600000)
    ro space 10240K,  45% used [0x37a00000, 0x37e89b28, 0x37e89c00, 0x38400000)
    rw space 12288K,  54% used [0x38400000, 0x38a8d0e8, 0x38a8d200, 0x39000000)
Event: 8.809 GC heap after
Heap after GC invocations=18 (full 0):
 def new generation   total 4928K, used 28K [0x23a00000, 0x23f50000, 0x28f50000)
  eden space 4416K,   0% used [0x23a00000, 0x23a00000, 0x23e50000)
  from space 512K,   5% used [0x23e50000, 0x23e57358, 0x23ed0000)
  to   space 512K,   0% used [0x23ed0000, 0x23ed0000, 0x23f50000)
 tenured generation   total 10944K, used 10867K [0x28f50000, 0x29a00000, 0x33a00000)
   the space 10944K,  99% used [0x28f50000, 0x299ecc88, 0x299ece00, 0x29a00000)
 compacting perm gen  total 12288K, used 5500K [0x33a00000, 0x34600000, 0x37a00000)
   the space 12288K,  44% used [0x33a00000, 0x33f5f008, 0x33f5f200, 0x34600000)
    ro space 10240K,  45% used [0x37a00000, 0x37e89b28, 0x37e89c00, 0x38400000)
    rw space 12288K,  54% used [0x38400000, 0x38a8d0e8, 0x38a8d200, 0x39000000)
}
Event: 8.845 GC heap before
{Heap before GC invocations=18 (full 0):
 def new generation   total 4928K, used 4441K [0x23a00000, 0x23f50000, 0x28f50000)
  eden space 4416K,  99% used [0x23a00000, 0x23e4f2e0, 0x23e50000)
  from space 512K,   5% used [0x23e50000, 0x23e57358, 0x23ed0000)
  to   space 512K,   0% used [0x23ed0000, 0x23ed0000, 0x23f50000)
 tenured generation   total 10944K, used 10867K [0x28f50000, 0x29a00000, 0x33a00000)
   the space 10944K,  99% used [0x28f50000, 0x299ecc88, 0x299ece00, 0x29a00000)
 compacting perm gen  total 12288K, used 5500K [0x33a00000, 0x34600000, 0x37a00000)
   the space 12288K,  44% used [0x33a00000, 0x33f5f008, 0x33f5f200, 0x34600000)
    ro space 10240K,  45% used [0x37a00000, 0x37e89b28, 0x37e89c00, 0x38400000)
    rw space 12288K,  54% used [0x38400000, 0x38a8d0e8, 0x38a8d200, 0x39000000)
Event: 8.846 GC heap after
Heap after GC invocations=19 (full 0):
 def new generation   total 4928K, used 28K [0x23a00000, 0x23f50000, 0x28f50000)
  eden space 4416K,   0% used [0x23a00000, 0x23a00000, 0x23e50000)
  from space 512K,   5% used [0x23ed0000, 0x23ed7358, 0x23f50000)
  to   space 512K,   0% used [0x23e50000, 0x23e50000, 0x23ed0000)
 tenured generation   total 10944K, used 10867K [0x28f50000, 0x29a00000, 0x33a00000)
   the space 10944K,  99% used [0x28f50000, 0x299ecc88, 0x299ece00, 0x29a00000)
 compacting perm gen  total 12288K, used 5500K [0x33a00000, 0x34600000, 0x37a00000)
   the space 12288K,  44% used [0x33a00000, 0x33f5f008, 0x33f5f200, 0x34600000)
    ro space 10240K,  45% used [0x37a00000, 0x37e89b28, 0x37e89c00, 0x38400000)
    rw space 12288K,  54% used [0x38400000, 0x38a8d0e8, 0x38a8d200, 0x39000000)
}
Event: 8.885 GC heap before
{Heap before GC invocations=19 (full 0):
 def new generation   total 4928K, used 4444K [0x23a00000, 0x23f50000, 0x28f50000)
  eden space 4416K,  99% used [0x23a00000, 0x23e4ff40, 0x23e50000)
  from space 512K,   5% used [0x23ed0000, 0x23ed7358, 0x23f50000)
  to   space 512K,   0% used [0x23e50000, 0x23e50000, 0x23ed0000)
 tenured generation   total 10944K, used 10867K [0x28f50000, 0x29a00000, 0x33a00000)
   the space 10944K,  99% used [0x28f50000, 0x299ecc88, 0x299ece00, 0x29a00000)
 compacting perm gen  total 12288K, used 5500K [0x33a00000, 0x34600000, 0x37a00000)
   the space 12288K,  44% used [0x33a00000, 0x33f5f008, 0x33f5f200, 0x34600000)
    ro space 10240K,  45% used [0x37a00000, 0x37e89b28, 0x37e89c00, 0x38400000)
    rw space 12288K,  54% used [0x38400000, 0x38a8d0e8, 0x38a8d200, 0x39000000)
Event: 8.886 GC heap after
Heap after GC invocations=20 (full 0):
 def new generation   total 4928K, used 28K [0x23a00000, 0x23f50000, 0x28f50000)
  eden space 4416K,   0% used [0x23a00000, 0x23a00000, 0x23e50000)
  from space 512K,   5% used [0x23e50000, 0x23e57358, 0x23ed0000)
  to   space 512K,   0% used [0x23ed0000, 0x23ed0000, 0x23f50000)
 tenured generation   total 10944K, used 10867K [0x28f50000, 0x29a00000, 0x33a00000)
   the space 10944K,  99% used [0x28f50000, 0x299ecc88, 0x299ece00, 0x29a00000)
 compacting perm gen  total 12288K, used 5500K [0x33a00000, 0x34600000, 0x37a00000)
   the space 12288K,  44% used [0x33a00000, 0x33f5f008, 0x33f5f200, 0x34600000)
    ro space 10240K,  45% used [0x37a00000, 0x37e89b28, 0x37e89c00, 0x38400000)
    rw space 12288K,  54% used [0x38400000, 0x38a8d0e8, 0x38a8d200, 0x39000000)
}

Deoptimization events (0 events):
No events

Internal exceptions (10 events):
Event: 8.694 Thread 0x03d8f400 Threw 0x23afb4b0 at C:\jdk7u2_32P\jdk7u25\hotspot\src\share\vm\prims\jvm.cpp:1235
Event: 8.695 Thread 0x03d8f400 Threw 0x23b06500 at C:\jdk7u2_32P\jdk7u25\hotspot\src\share\vm\prims\jvm.cpp:1235
Event: 8.696 Thread 0x03d8f400 Threw 0x23b0b518 at C:\jdk7u2_32P\jdk7u25\hotspot\src\share\vm\prims\jvm.cpp:1235
Event: 8.696 Thread 0x03d8f400 Threw 0x23b101b8 at C:\jdk7u2_32P\jdk7u25\hotspot\src\share\vm\prims\jvm.cpp:1235
Event: 8.696 Thread 0x03d8f400 Threw 0x23b15358 at C:\jdk7u2_32P\jdk7u25\hotspot\src\share\vm\prims\jvm.cpp:1235
Event: 8.697 Thread 0x03d8f400 Threw 0x23b1a248 at C:\jdk7u2_32P\jdk7u25\hotspot\src\share\vm\prims\jvm.cpp:1235
Event: 8.697 Thread 0x03d8f400 Threw 0x23b1e278 at C:\jdk7u2_32P\jdk7u25\hotspot\src\share\vm\prims\jvm.cpp:1235
Event: 8.698 Thread 0x03d8f400 Threw 0x23b29950 at C:\jdk7u2_32P\jdk7u25\hotspot\src\share\vm\prims\jvm.cpp:1235
Event: 8.699 Thread 0x03d8f400 Threw 0x23b32c88 at C:\jdk7u2_32P\jdk7u25\hotspot\src\share\vm\prims\jni.cpp:742
Event: 8.699 Thread 0x03d8f400 Threw 0x23b33610 at C:\jdk7u2_32P\jdk7u25\hotspot\src\share\vm\prims\jni.cpp:742

Events (10 events):
Event: 12.411 loading class 0x391ab7d8 done
Event: 12.413 Thread 0x11688800 Thread exited: 0x11688800
Event: 12.414 Thread 0x11689400 Thread exited: 0x11689400
Event: 12.414 Executing VM operation: RevokeBias
Event: 12.415 Executing VM operation: RevokeBias done
Event: 12.423 Thread 0x06ad8800 Thread exited: 0x06ad8800
Event: 12.429 Thread 0x03e6d800 Thread exited: 0x03e6d800
Event: 12.510 Thread 0x11688400 Thread exited: 0x11688400
Event: 20.275 Thread 0x11689000 Thread exited: 0x11689000
Event: 20.275 Executing VM operation: Exit


Dynamic libraries:
0x01310000 - 0x0133f000 	C:\Program Files\Java\jdk1.7.0_25\bin\javaw.exe
0x772b0000 - 0x773ec000 	C:\Windows\SYSTEM32\ntdll.dll
0x75f10000 - 0x75fe4000 	C:\Windows\system32\kernel32.dll
0x755d0000 - 0x7561b000 	C:\Windows\system32\KERNELBASE.dll
0x75a60000 - 0x75b00000 	C:\Windows\system32\ADVAPI32.dll
0x756b0000 - 0x7575c000 	C:\Windows\system32\msvcrt.dll
0x773f0000 - 0x77409000 	C:\Windows\SYSTEM32\sechost.dll
0x75ca0000 - 0x75d42000 	C:\Windows\system32\RPCRT4.dll
0x77010000 - 0x770d9000 	C:\Windows\system32\USER32.dll
0x75d90000 - 0x75dde000 	C:\Windows\system32\GDI32.dll
0x757b0000 - 0x757ba000 	C:\Windows\system32\LPK.dll
0x76f70000 - 0x7700d000 	C:\Windows\system32\USP10.dll
0x73e90000 - 0x7402e000 	C:\Windows\WinSxS\x86_microsoft.windows.common-controls_6595b64144ccf1df_6.0.7601.17514_none_41e6975e2bd6f2b2\COMCTL32.dll
0x77480000 - 0x774d7000 	C:\Windows\system32\SHLWAPI.dll
0x77410000 - 0x7742f000 	C:\Windows\system32\IMM32.DLL
0x75e40000 - 0x75f0c000 	C:\Windows\system32\MSCTF.dll
0x5c490000 - 0x5c54e000 	C:\Program Files\Java\jdk1.7.0_25\jre\bin\msvcr100.dll
0x540a0000 - 0x543e2000 	C:\Program Files\Java\jdk1.7.0_25\jre\bin\client\jvm.dll
0x6f7c0000 - 0x6f7c7000 	C:\Windows\system32\WSOCK32.dll
0x75d50000 - 0x75d85000 	C:\Windows\system32\WS2_32.dll
0x77430000 - 0x77436000 	C:\Windows\system32\NSI.dll
0x73a70000 - 0x73aa2000 	C:\Windows\system32\WINMM.dll
0x77440000 - 0x77445000 	C:\Windows\system32\PSAPI.DLL
0x73440000 - 0x7344c000 	C:\Program Files\Java\jdk1.7.0_25\jre\bin\verify.dll
0x722e0000 - 0x72300000 	C:\Program Files\Java\jdk1.7.0_25\jre\bin\java.dll
0x73400000 - 0x73413000 	C:\Program Files\Java\jdk1.7.0_25\jre\bin\zip.dll
0x593f0000 - 0x59534000 	C:\Program Files\Java\jdk1.7.0_25\jre\bin\awt.dll
0x75620000 - 0x756af000 	C:\Windows\system32\OLEAUT32.dll
0x75900000 - 0x75a5c000 	C:\Windows\system32\ole32.dll
0x73960000 - 0x73973000 	C:\Windows\system32\DWMAPI.DLL
0x73e10000 - 0x73e50000 	C:\Windows\system32\uxtheme.dll
0x63770000 - 0x637d1000 	C:\Users\DAVIS\AppData\Roaming\pcmaster\winguard.dll
0x72960000 - 0x7299c000 	C:\Windows\system32\OLEACC.dll
0x75ff0000 - 0x76c3a000 	C:\Windows\system32\SHELL32.dll
0x757c0000 - 0x758e4000 	C:\Windows\system32\urlmon.dll
0x75420000 - 0x75424000 	C:\Windows\system32\api-ms-win-downlevel-ole32-l1-1-0.dll
0x75580000 - 0x75584000 	C:\Windows\system32\api-ms-win-downlevel-shlwapi-l1-1-0.dll
0x75410000 - 0x75415000 	C:\Windows\system32\api-ms-win-downlevel-advapi32-l1-1-0.dll
0x75340000 - 0x75344000 	C:\Windows\system32\api-ms-win-downlevel-user32-l1-1-0.dll
0x75590000 - 0x75594000 	C:\Windows\system32\api-ms-win-downlevel-version-l1-1-0.dll
0x74780000 - 0x74789000 	C:\Windows\system32\version.DLL
0x75430000 - 0x75433000 	C:\Windows\system32\api-ms-win-downlevel-normaliz-l1-1-0.dll
0x758f0000 - 0x758f3000 	C:\Windows\system32\normaliz.DLL
0x76d50000 - 0x76f67000 	C:\Windows\system32\iertutil.dll
0x770e0000 - 0x772a4000 	C:\Windows\system32\WININET.dll
0x75240000 - 0x7524c000 	C:\Windows\system32\CRYPTBASE.dll
0x71790000 - 0x7179a000 	C:\Windows\system32\atiu9pag.dll
0x71f90000 - 0x71fb0000 	C:\Program Files\Java\jdk1.7.0_25\jre\bin\sunec.dll
0x73e70000 - 0x73e79000 	C:\Program Files\Java\jdk1.7.0_25\jre\bin\sunmscapi.dll
0x75460000 - 0x75580000 	C:\Windows\system32\CRYPT32.dll
0x75330000 - 0x7533c000 	C:\Windows\system32\MSASN1.dll
0x74d60000 - 0x74d76000 	C:\Windows\system32\CRYPTSP.dll
0x74b00000 - 0x74b3b000 	C:\Windows\system32\rsaenh.dll
0x74910000 - 0x74927000 	C:\Windows\system32\USERENV.dll
0x752c0000 - 0x752cb000 	C:\Windows\system32\profapi.dll
0x71fb0000 - 0x71fc4000 	C:\Program Files\Java\jdk1.7.0_25\jre\bin\net.dll
0x74d20000 - 0x74d5c000 	C:\Windows\system32\mswsock.dll
0x74d10000 - 0x74d16000 	C:\Windows\System32\wship6.dll
0x73ac0000 - 0x73ad0000 	C:\Windows\system32\NLAapi.dll
0x72b10000 - 0x72b20000 	C:\Windows\system32\napinsp.dll
0x72af0000 - 0x72b02000 	C:\Windows\system32\pnrpnsp.dll
0x74be0000 - 0x74c24000 	C:\Windows\system32\DNSAPI.dll
0x72ae0000 - 0x72ae8000 	C:\Windows\System32\winrnr.dll
0x72890000 - 0x728b1000 	C:\Program Files\Bonjour\mdnsNSP.dll
0x738a0000 - 0x738bc000 	C:\Windows\system32\Iphlpapi.DLL
0x73890000 - 0x73897000 	C:\Windows\system32\WINNSI.DLL
0x746d0000 - 0x746d5000 	C:\Windows\System32\wshtcpip.dll
0x72880000 - 0x72886000 	C:\Windows\system32\rasadhlp.dll
0x731f0000 - 0x73228000 	C:\Windows\System32\fwpuclnt.dll
0x73450000 - 0x7345f000 	C:\Program Files\Java\jdk1.7.0_25\jre\bin\nio.dll
0x71f10000 - 0x71f41000 	C:\Program Files\Java\jdk1.7.0_25\jre\bin\fontmanager.dll
0x71f60000 - 0x71f90000 	C:\Program Files\Java\jdk1.7.0_25\jre\bin\t2k.dll
0x76cc0000 - 0x76d43000 	C:\Windows\system32\CLBCatQ.DLL
0x73500000 - 0x73630000 	C:\Windows\system32\WindowsCodecs.dll
0x751f0000 - 0x7523c000 	C:\Windows\system32\apphelp.dll
0x6aca0000 - 0x6ace3000 	C:\Users\DAVIS\AppData\Roaming\VDiskSyn\Bin\CloudBoxShellExt.dll
0x69d90000 - 0x69f37000 	C:\PROGRA~1\MICROS~2\Office15\GROOVEEX.DLL
0x71140000 - 0x711a9000 	C:\Windows\system32\MSVCP100.dll
0x6a760000 - 0x6a786000 	C:\Windows\system32\ATL100.DLL
0x69b50000 - 0x69d90000 	C:\Windows\system32\msi.dll
0x68e20000 - 0x69679000 	C:\PROGRA~1\MICROS~2\Office15\2052\GrooveIntlResource.dll
0x69ff0000 - 0x6a0ef000 	C:\Program Files\Kingsoft\Klive\kuaipanshellext.dll
0x72770000 - 0x72777000 	C:\Windows\system32\FLTLIB.DLL
0x73c80000 - 0x73e10000 	C:\Windows\WinSxS\x86_microsoft.windows.gdiplus_6595b64144ccf1df_1.1.7601.18120_none_72d2e82386681b36\gdiplus.dll
0x612f0000 - 0x61314000 	C:\Program Files\Java\jdk1.7.0_25\jre\bin\dcpr.dll
0x10000000 - 0x10021000 	C:\Program Files\MATLAB\R2013a\bin\win32\BuilderJABootstrap.dll
0x040e0000 - 0x040ec000 	C:\Program Files\MATLAB\R2013a\bin\win32\nativedl.dll
0x7ee50000 - 0x7efa3000 	C:\Program Files\MATLAB\R2013a\bin\win32\libmwfl.dll
0x040f0000 - 0x040fb000 	C:\Program Files\MATLAB\R2013a\bin\win32\libmwresource_core.dll
0x7dce0000 - 0x7dd75000 	C:\Program Files\MATLAB\R2013a\bin\win32\libmwi18n.dll
0x72300000 - 0x7230c000 	C:\Program Files\MATLAB\R2013a\bin\win32\boost_date_time-vc100-mt-1_49.dll
0x686a0000 - 0x686c5000 	C:\Program Files\MATLAB\R2013a\bin\win32\boost_filesystem-vc100-mt-1_49.dll
0x73430000 - 0x73437000 	C:\Program Files\MATLAB\R2013a\bin\win32\boost_system-vc100-mt-1_49.dll
0x5f170000 - 0x5f191000 	C:\Program Files\MATLAB\R2013a\bin\win32\LIBEXPAT.dll
0x72eb0000 - 0x72ff9000 	C:\Program Files\MATLAB\R2013a\bin\win32\icuin49.dll
0x7ea10000 - 0x7eb17000 	C:\Program Files\MATLAB\R2013a\bin\win32\icuuc49.dll
0x51900000 - 0x52a22000 	C:\Program Files\MATLAB\R2013a\bin\win32\icudt49.dll
0x048a0000 - 0x048ad000 	C:\Program Files\MATLAB\R2013a\bin\win32\icuio49.dll
0x0b850000 - 0x0bb73000 	C:\Program Files\MATLAB\R2013a\bin\win32\libmwMATLAB_res.dll
0x5ef70000 - 0x5f024000 	C:\Program Files\MATLAB\R2013a\bin\win32\boost_regex-vc100-mt-1_49.dll
0x71f50000 - 0x71f5e000 	C:\Program Files\MATLAB\R2013a\bin\win32\boost_signals-vc100-mt-1_49.dll
0x68640000 - 0x6864e000 	C:\Program Files\MATLAB\R2013a\bin\win32\boost_thread-vc100-mt-1_49.dll
0x59370000 - 0x593e4000 	C:\Program Files\MATLAB\R2013a\bin\win32\boost_log-vc100-mt-1_49.dll
0x5f1a0000 - 0x5f1c8000 	C:\Program Files\MATLAB\R2013a\bin\win32\tbb.dll
0x77450000 - 0x7747b000 	C:\Windows\system32\imagehlp.dll
0x746a0000 - 0x746c5000 	C:\Windows\system32\POWRPROF.dll
0x75b00000 - 0x75c9d000 	C:\Windows\system32\SETUPAPI.dll
0x755a0000 - 0x755c7000 	C:\Windows\system32\CFGMGR32.dll
0x75440000 - 0x75452000 	C:\Windows\system32\DEVOBJ.dll
0x0bb80000 - 0x0bd76000 	C:\Program Files\MATLAB\R2013a\bin\win32\nativemcl.dll
0x08240000 - 0x082d1000 	C:\Program Files\MATLAB\R2013a\bin\win32\libut.dll
0x07f70000 - 0x07f89000 	C:\Program Files\MATLAB\R2013a\bin\win32\libmwmfl_scalar.dll
0x73630000 - 0x7371b000 	C:\Windows\system32\dbghelp.dll
0x7db50000 - 0x7dc0c000 	C:\Program Files\MATLAB\R2013a\bin\win32\libmx.dll
0x613b0000 - 0x613c8000 	C:\Program Files\MATLAB\R2013a\bin\win32\tbbmalloc.dll
0x07f90000 - 0x07fa3000 	C:\Windows\system32\zlib1.dll
0x0bd80000 - 0x0bee4000 	C:\Program Files\MATLAB\R2013a\bin\win32\mclmcr.dll
0x7f270000 - 0x7f2f7000 	C:\Program Files\MATLAB\R2013a\bin\win32\mcr.dll
0x7d4b0000 - 0x7d83e000 	C:\Program Files\MATLAB\R2013a\bin\win32\iqm.dll
0x0bef0000 - 0x0c186000 	C:\Program Files\MATLAB\R2013a\bin\win32\libmwservices.dll
0x08870000 - 0x088ad000 	C:\Program Files\MATLAB\R2013a\bin\win32\libmwregexp.dll
0x7df40000 - 0x7df78000 	C:\Program Files\MATLAB\R2013a\bin\win32\mpath.dll
0x0c190000 - 0x0c6a3000 	C:\Program Files\MATLAB\R2013a\bin\win32\mlutil.dll
0x088b0000 - 0x08912000 	C:\Program Files\MATLAB\R2013a\bin\win32\xmlcore.dll
0x57930000 - 0x57af0000 	C:\Program Files\MATLAB\R2013a\bin\win32\xerces-c_2_7.dll
0x082e0000 - 0x082ff000 	C:\Program Files\MATLAB\R2013a\bin\win32\libmwMATLAB_settings_res.dll
0x68690000 - 0x6869d000 	C:\Program Files\MATLAB\R2013a\bin\win32\boost_iostreams-vc100-mt-1_49.dll
0x59330000 - 0x5936e000 	C:\Program Files\MATLAB\R2013a\bin\win32\boost_serialization-vc100-mt-1_49.dll

VM Arguments:
jvm_args: -Djava.library.path=E:\nju\2014»¨Æì±­\treasuryArbitrage\treasuryArbitrage\lib -Dfile.encoding=GBK 
java_command: edu.nju.treasuryArbitrage.TreasuryArbitrage
Launcher Type: SUN_STANDARD

Environment Variables:
JAVA_HOME=C:\Program Files\Java\jdk1.7.0_25
CLASSPATH=E:\nju\2014»¨Æì±­\treasuryArbitrage\treasuryArbitrage\src.;C:\Program Files\Java\jdk1.7.0_25\lib.;C:\Program Files\LINGO11\Lingo11_0.jar.;
PATH=C:\Program Files\Java\jdk1.7.0_25\bin\..\jre\bin\client;C:\Program Files\Java\jdk1.7.0_25\bin\..\jre\bin;C:\Program Files\Java\jdk1.7.0_25\bin\..\jre\lib\i386;C:\Program Files\Java\jdk1.7.0_25\bin;C:\Program Files\Common Files\Intel\Shared Libraries\redist\ia32\compiler;C:\Windows\system32;C:\Windows;C:\Windows\System32\Wbem;C:\Windows\System32\WindowsPowerShell\v1.0\;C:\Program Files\MATLAB\R2013a\runtime\win32;C:\Program Files\MATLAB\R2013a\bin;C:\Program Files\ATI Technologies\ATI.ACE\Core-Static;C:\MinGW\bin;C:\Program Files\LINGO11\;D:\C\Program Files\CTEX\UserData\miktex\bin;D:\C\Program Files\CTEX\MiKTeX\miktex\bin;D:\C\Program Files\CTEX\CTeX\ctex\bin;D:\C\Program Files\CTEX\CTeX\cct\bin;D:\C\Program Files\CTEX\CTeX\ty\bin;D:\C\Program Files\CTEX\Ghostscript\gs9.05\bin;D:\C\Program Files\CTEX\GSview\gsview;D:\C\Program Files\CTEX\WinEdt;C:\Program Files\Java\jdk1.7.0_25\bin;C:\Program Files\TortoiseSVN\bin;C:\Program Files\MATLAB\MATLAB Compiler Runtime\v81\runtime\win32;C:\MinGW\bin;C:\Program Files\Java\jdk1.7.0_25\bin;D:\baiduyundownload\eclipse;C:\Users\DAVIS\AppData\Local\Temp\DAVIS\mcrCache8.1\Arbitr0\bin\win32\
USERNAME=DAVIS
OS=Windows_NT
PROCESSOR_IDENTIFIER=x86 Family 6 Model 37 Stepping 5, GenuineIntel



---------------  S Y S T E M  ---------------

OS: Windows 7 Build 7601 Service Pack 1

CPU:total 4 (2 cores per cpu, 2 threads per core) family 6 model 37 stepping 5, cmov, cx8, fxsr, mmx, sse, sse2, sse3, ssse3, sse4.1, sse4.2, popcnt, ht, tsc, tscinvbit

Memory: 4k page, physical 4051508k(1742832k free), swap 10126172k(7272120k free)

vm_info: Java HotSpot(TM) Client VM (23.25-b01) for windows-x86 JRE (1.7.0_25-b17), built on Jun 21 2013 13:06:48 by "java_re" with unknown MS VC++:1600

time: Sun Nov 02 14:32:02 2014
elapsed time: 20 seconds

